[22:29:03 --4:00] [Thread 1524982221] extDB: Version: 35
[22:29:03 --4:00] [Thread 1524982221] extDB: Windows Version
[22:29:03 --4:00] [Thread 1524982221] Message: Arma Linux Servers are using Older Physic Library (than Windows Servers), due to Debian 7 using old version of Glibc
[22:29:03 --4:00] [Thread 1524982221] Message: If you like extDB consider donating or bug BIS to drop support for Debian 7 thanks, so Linux Servers get same Physic Library Version as Windows
[22:29:03 --4:00] [Thread 1524982221] Message: Note currently most/all development for extDB is done on a Linux Server
[22:29:03 --4:00] [Thread 1524982221] Message: Torndeco: 24/01/15
[22:29:03 --4:00] [Thread 1524982221] 
[22:29:03 --4:00] [Thread 1524982221] extDB: Found extdb-conf.ini
[22:29:03 --4:00] [Thread 1524982221] extDB: Detected 4 Cores, Setting up 4 Worker Threads
[22:29:04 --4:00] [Thread 1524982221] extDB: Database Type: MySQL
[22:29:04 --4:00] [Thread 1524982221] extDB: Database Session Pool Started
[22:29:04 --4:00] [Thread 1524982221] extDB: DB_CUSTOM_V5: Loading Template Filename: C:\Users\Dell i5\Desktop\Drunken Life Server\@extDB\extDB\db_custom\altis-life-rpg-4.ini
[22:29:04 --4:00] [Thread 3623115955] extDB: DB_CUSTOM_V5: Error StatementException: MySQL: [MySQL]: [Comment]: mysql_stmt_execute error	[mysql_stmt_error]: The user specified as a definer ('arma3'@'localhost') does not exist	[mysql_stmt_errno]: 1449	[mysql_stmt_sqlstate]: HY000	[statemnt]: CALL resetLifeVehicles;
[22:29:04 --4:00] [Thread 3623115955] extDB: DB_CUSTOM_V5: Error Exception: SQL: resetLifeVehicles
[22:57:17 --4:00] [Thread 711142268] extDB: DB_CUSTOM_V5: Error StatementException: MySQL: [MySQL]: [Comment]: mysql_stmt_prepare error	[mysql_stmt_error]: Table 'arma3life.wanted' doesn't exist	[mysql_stmt_errno]: 1146	[mysql_stmt_sqlstate]: 42S02	[statemnt]: UPDATE wanted SET active = 0, wantedCrimes = '[]', wantedBounty = 0 WHERE wantedID=?;
[22:57:17 --4:00] [Thread 711142268] extDB: DB_CUSTOM_V5: Error Exception: SQL: wantedRemoveCrimes:76561198042152135
[22:58:53 --4:00] [Thread 3441489106] extDB: DB_CUSTOM_V5: Error StatementException: MySQL: [MySQL]: [Comment]: mysql_stmt_prepare error	[mysql_stmt_error]: Table 'arma3life.wanted' doesn't exist	[mysql_stmt_errno]: 1146	[mysql_stmt_sqlstate]: 42S02	[statemnt]: UPDATE wanted SET active = 0, wantedCrimes = '[]', wantedBounty = 0 WHERE wantedID=?;
[22:58:53 --4:00] [Thread 3441489106] extDB: DB_CUSTOM_V5: Error Exception: SQL: wantedRemoveCrimes:76561198042152135
[22:59:47 --4:00] [Thread 3441489106] extDB: DB_CUSTOM_V5: Error StatementException: MySQL: [MySQL]: [Comment]: mysql_stmt_prepare error	[mysql_stmt_error]: Table 'arma3life.wanted' doesn't exist	[mysql_stmt_errno]: 1146	[mysql_stmt_sqlstate]: 42S02	[statemnt]: UPDATE wanted SET active = 0, wantedCrimes = '[]', wantedBounty = 0 WHERE wantedID=?;
[22:59:47 --4:00] [Thread 3441489106] extDB: DB_CUSTOM_V5: Error Exception: SQL: wantedRemoveCrimes:76561198042152135
[22:59:55 --4:00] [Thread 711142268] extDB: DB_CUSTOM_V5: Error StatementException: MySQL: [MySQL]: [Comment]: mysql_stmt_prepare error	[mysql_stmt_error]: Table 'arma3life.wanted' doesn't exist	[mysql_stmt_errno]: 1146	[mysql_stmt_sqlstate]: 42S02	[statemnt]: UPDATE wanted SET active = 0, wantedCrimes = '[]', wantedBounty = 0 WHERE wantedID=?;
[22:59:55 --4:00] [Thread 711142268] extDB: DB_CUSTOM_V5: Error Exception: SQL: wantedRemoveCrimes:76561198042152135
[23:03:01 --4:00] [Thread 3441489106] extDB: DB_CUSTOM_V5: Error StatementException: MySQL: [MySQL]: [Comment]: mysql_stmt_prepare error	[mysql_stmt_error]: Table 'arma3life.wanted' doesn't exist	[mysql_stmt_errno]: 1146	[mysql_stmt_sqlstate]: 42S02	[statemnt]: UPDATE wanted SET active = 0, wantedCrimes = '[]', wantedBounty = 0 WHERE wantedID=?;
[23:03:01 --4:00] [Thread 3441489106] extDB: DB_CUSTOM_V5: Error Exception: SQL: wantedRemoveCrimes:76561198042152135
[23:04:58 --4:00] [Thread 862808668] extDB: DB_CUSTOM_V5: Error StatementException: MySQL: [MySQL]: [Comment]: mysql_stmt_prepare error	[mysql_stmt_error]: Table 'arma3life.wanted' doesn't exist	[mysql_stmt_errno]: 1146	[mysql_stmt_sqlstate]: 42S02	[statemnt]: UPDATE wanted SET active = 0, wantedCrimes = '[]', wantedBounty = 0 WHERE wantedID=?;
[23:04:58 --4:00] [Thread 862808668] extDB: DB_CUSTOM_V5: Error Exception: SQL: wantedRemoveCrimes:76561198042152135
[23:12:32 --4:00] [Thread 862808668] extDB: DB_CUSTOM_V5: Error StatementException: MySQL: [MySQL]: [Comment]: mysql_stmt_prepare error	[mysql_stmt_error]: Table 'arma3life.wanted' doesn't exist	[mysql_stmt_errno]: 1146	[mysql_stmt_sqlstate]: 42S02	[statemnt]: UPDATE wanted SET active = 0, wantedCrimes = '[]', wantedBounty = 0 WHERE wantedID=?;
[23:12:32 --4:00] [Thread 862808668] extDB: DB_CUSTOM_V5: Error Exception: SQL: wantedRemoveCrimes:76561198042152135
[23:13:33 --4:00] [Thread 862808668] extDB: DB_CUSTOM_V5: Error StatementException: MySQL: [MySQL]: [Comment]: mysql_stmt_prepare error	[mysql_stmt_error]: Table 'arma3life.wanted' doesn't exist	[mysql_stmt_errno]: 1146	[mysql_stmt_sqlstate]: 42S02	[statemnt]: UPDATE wanted SET active = 0, wantedCrimes = '[]', wantedBounty = 0 WHERE wantedID=?;
[23:13:33 --4:00] [Thread 862808668] extDB: DB_CUSTOM_V5: Error Exception: SQL: wantedRemoveCrimes:76561198042152135
[23:14:52 --4:00] [Thread 862808668] extDB: DB_CUSTOM_V5: Error StatementException: MySQL: [MySQL]: [Comment]: mysql_stmt_prepare error	[mysql_stmt_error]: Table 'arma3life.wanted' doesn't exist	[mysql_stmt_errno]: 1146	[mysql_stmt_sqlstate]: 42S02	[statemnt]: UPDATE wanted SET active = 0, wantedCrimes = '[]', wantedBounty = 0 WHERE wantedID=?;
[23:14:52 --4:00] [Thread 862808668] extDB: DB_CUSTOM_V5: Error Exception: SQL: wantedRemoveCrimes:76561198120651027
[23:16:19 --4:00] [Thread 3441489106] extDB: DB_CUSTOM_V5: Error StatementException: MySQL: [MySQL]: [Comment]: mysql_stmt_prepare error	[mysql_stmt_error]: Table 'arma3life.wanted' doesn't exist	[mysql_stmt_errno]: 1146	[mysql_stmt_sqlstate]: 42S02	[statemnt]: UPDATE wanted SET active = 0, wantedCrimes = '[]', wantedBounty = 0 WHERE wantedID=?;
[23:16:19 --4:00] [Thread 3441489106] extDB: DB_CUSTOM_V5: Error Exception: SQL: wantedRemoveCrimes:76561198120651027
[23:18:29 --4:00] [Thread 862808668] extDB: DB_CUSTOM_V5: Error StatementException: MySQL: [MySQL]: [Comment]: mysql_stmt_prepare error	[mysql_stmt_error]: Table 'arma3life.wanted' doesn't exist	[mysql_stmt_errno]: 1146	[mysql_stmt_sqlstate]: 42S02	[statemnt]: UPDATE wanted SET active = 0, wantedCrimes = '[]', wantedBounty = 0 WHERE wantedID=?;
[23:18:29 --4:00] [Thread 862808668] extDB: DB_CUSTOM_V5: Error Exception: SQL: wantedRemoveCrimes:76561198042152135
[23:26:51 --4:00] [Thread 862808668] extDB: DB_CUSTOM_V5: Error StatementException: MySQL: [MySQL]: [Comment]: mysql_stmt_prepare error	[mysql_stmt_error]: Table 'arma3life.wanted' doesn't exist	[mysql_stmt_errno]: 1146	[mysql_stmt_sqlstate]: 42S02	[statemnt]: UPDATE wanted SET active = 0, wantedCrimes = '[]', wantedBounty = 0 WHERE wantedID=?;
[23:26:51 --4:00] [Thread 862808668] extDB: DB_CUSTOM_V5: Error Exception: SQL: wantedRemoveCrimes:76561198042152135
[23:32:04 --4:00] [Thread 3441489106] extDB: DB_CUSTOM_V5: Error StatementException: MySQL: [MySQL]: [Comment]: mysql_stmt_prepare error	[mysql_stmt_error]: Table 'arma3life.wanted' doesn't exist	[mysql_stmt_errno]: 1146	[mysql_stmt_sqlstate]: 42S02	[statemnt]: UPDATE wanted SET active = 0, wantedCrimes = '[]', wantedBounty = 0 WHERE wantedID=?;
[23:32:04 --4:00] [Thread 3441489106] extDB: DB_CUSTOM_V5: Error Exception: SQL: wantedRemoveCrimes:76561198113994834
[23:33:37 --4:00] [Thread 3441489106] extDB: DB_CUSTOM_V5: Error StatementException: MySQL: [MySQL]: [Comment]: mysql_stmt_prepare error	[mysql_stmt_error]: Table 'arma3life.wanted' doesn't exist	[mysql_stmt_errno]: 1146	[mysql_stmt_sqlstate]: 42S02	[statemnt]: UPDATE wanted SET active = 0, wantedCrimes = '[]', wantedBounty = 0 WHERE wantedID=?;
[23:33:37 --4:00] [Thread 3441489106] extDB: DB_CUSTOM_V5: Error Exception: SQL: wantedRemoveCrimes:76561198042152135
[23:34:22 --4:00] [Thread 3441489106] extDB: DB_CUSTOM_V5: Error StatementException: MySQL: [MySQL]: [Comment]: mysql_stmt_prepare error	[mysql_stmt_error]: Table 'arma3life.wanted' doesn't exist	[mysql_stmt_errno]: 1146	[mysql_stmt_sqlstate]: 42S02	[statemnt]: UPDATE wanted SET active = 0, wantedCrimes = '[]', wantedBounty = 0 WHERE wantedID=?;
[23:34:22 --4:00] [Thread 3441489106] extDB: DB_CUSTOM_V5: Error Exception: SQL: wantedRemoveCrimes:76561198113994834
[23:35:43 --4:00] [Thread 862808668] extDB: DB_CUSTOM_V5: Error StatementException: MySQL: [MySQL]: [Comment]: mysql_stmt_prepare error	[mysql_stmt_error]: Table 'arma3life.wanted' doesn't exist	[mysql_stmt_errno]: 1146	[mysql_stmt_sqlstate]: 42S02	[statemnt]: UPDATE wanted SET active = 0, wantedCrimes = '[]', wantedBounty = 0 WHERE wantedID=?;
[23:35:43 --4:00] [Thread 862808668] extDB: DB_CUSTOM_V5: Error Exception: SQL: wantedRemoveCrimes:76561198113994834
[23:35:58 --4:00] [Thread 3441489106] extDB: DB_CUSTOM_V5: Error StatementException: MySQL: [MySQL]: [Comment]: mysql_stmt_prepare error	[mysql_stmt_error]: Table 'arma3life.wanted' doesn't exist	[mysql_stmt_errno]: 1146	[mysql_stmt_sqlstate]: 42S02	[statemnt]: UPDATE wanted SET active = 0, wantedCrimes = '[]', wantedBounty = 0 WHERE wantedID=?;
[23:35:58 --4:00] [Thread 3441489106] extDB: DB_CUSTOM_V5: Error Exception: SQL: wantedRemoveCrimes:76561198113994834
[00:45:03 --4:00] [Thread 711142268] extDB: DB_CUSTOM_V5: Error StatementException: MySQL: [MySQL]: [Comment]: mysql_stmt_prepare error	[mysql_stmt_error]: Table 'arma3life.wanted' doesn't exist	[mysql_stmt_errno]: 1146	[mysql_stmt_sqlstate]: 42S02	[statemnt]: UPDATE wanted SET active = 0, wantedCrimes = '[]', wantedBounty = 0 WHERE wantedID=?;
[00:45:03 --4:00] [Thread 711142268] extDB: DB_CUSTOM_V5: Error Exception: SQL: wantedRemoveCrimes:76561198042152135
[10:44:48 --4:00] [Thread 1524982221] extDB: Stopping ...
