[15:31:20 --4:00] [Thread 308749521] extDB: Version: 35
[15:31:20 --4:00] [Thread 308749521] extDB: Windows Version
[15:31:20 --4:00] [Thread 308749521] Message: Arma Linux Servers are using Older Physic Library (than Windows Servers), due to Debian 7 using old version of Glibc
[15:31:20 --4:00] [Thread 308749521] Message: If you like extDB consider donating or bug BIS to drop support for Debian 7 thanks, so Linux Servers get same Physic Library Version as Windows
[15:31:20 --4:00] [Thread 308749521] Message: Note currently most/all development for extDB is done on a Linux Server
[15:31:20 --4:00] [Thread 308749521] Message: Torndeco: 24/01/15
[15:31:20 --4:00] [Thread 308749521] 
[15:31:20 --4:00] [Thread 308749521] extDB: Found extdb-conf.ini
[15:31:20 --4:00] [Thread 308749521] extDB: Detected 4 Cores, Setting up 4 Worker Threads
[15:31:20 --4:00] [Thread 308749521] extDB: Database Type: MySQL
[15:31:20 --4:00] [Thread 308749521] extDB: Database Session Pool Started
[15:31:20 --4:00] [Thread 308749521] extDB: DB_CUSTOM_V5: Loading Template Filename: C:\Users\Dell i5\Desktop\Drunken Life Server\@extDB\extDB\db_custom\altis-life-rpg-4.ini
[15:31:20 --4:00] [Thread 2397394957] extDB: DB_CUSTOM_V5: Error StatementException: MySQL: [MySQL]: [Comment]: mysql_stmt_execute error	[mysql_stmt_error]: The user specified as a definer ('arma3'@'localhost') does not exist	[mysql_stmt_errno]: 1449	[mysql_stmt_sqlstate]: HY000	[statemnt]: CALL resetLifeVehicles;
[15:31:20 --4:00] [Thread 2397394957] extDB: DB_CUSTOM_V5: Error Exception: SQL: resetLifeVehicles
[16:04:00 --4:00] [Thread 2397394957] extDB: DB_CUSTOM_V5: Error StatementException: MySQL: [MySQL]: [Comment]: mysql_stmt_prepare error	[mysql_stmt_error]: Table 'arma3life.wanted' doesn't exist	[mysql_stmt_errno]: 1146	[mysql_stmt_sqlstate]: 42S02	[statemnt]: SELECT wantedID, wantedCrimes FROM wanted WHERE wantedID=?;
[16:04:00 --4:00] [Thread 2397394957] extDB: DB_CUSTOM_V5: Error Exception: SQL: wantedGetCrimes:76561198120651027
[16:04:00 --4:00] [Thread 2397394957] extDB: DB_CUSTOM_V5: Error StatementException: MySQL: [MySQL]: [Comment]: mysql_stmt_prepare error	[mysql_stmt_error]: Table 'arma3life.wanted' doesn't exist	[mysql_stmt_errno]: 1146	[mysql_stmt_sqlstate]: 42S02	[statemnt]: INSERT INTO wanted (wantedID, wantedName, wantedCrimes, wantedBounty, active) VALUES(?,?,?,?,?);
[16:04:00 --4:00] [Thread 2397394957] extDB: DB_CUSTOM_V5: Error Exception: SQL: wantedInsertCrimes:76561198120651027:[df]Blurr:["187"]:20000:1
[16:04:06 --4:00] [Thread 165149584] extDB: DB_CUSTOM_V5: Error StatementException: MySQL: [MySQL]: [Comment]: mysql_stmt_prepare error	[mysql_stmt_error]: Table 'arma3life.wanted' doesn't exist	[mysql_stmt_errno]: 1146	[mysql_stmt_sqlstate]: 42S02	[statemnt]: UPDATE wanted SET active = 0, wantedCrimes = '[]', wantedBounty = 0 WHERE wantedID=?;
[16:04:06 --4:00] [Thread 165149584] extDB: DB_CUSTOM_V5: Error Exception: SQL: wantedRemoveCrimes:76561198113994834
[16:10:44 --4:00] [Thread 165149584] extDB: DB_CUSTOM_V5: Error StatementException: MySQL: [MySQL]: [Comment]: mysql_stmt_prepare error	[mysql_stmt_error]: Table 'arma3life.wanted' doesn't exist	[mysql_stmt_errno]: 1146	[mysql_stmt_sqlstate]: 42S02	[statemnt]: SELECT wantedID, wantedCrimes FROM wanted WHERE wantedID=?;
[16:10:44 --4:00] [Thread 165149584] extDB: DB_CUSTOM_V5: Error Exception: SQL: wantedGetCrimes:76561198120651027
[16:10:44 --4:00] [Thread 165149584] extDB: DB_CUSTOM_V5: Error StatementException: MySQL: [MySQL]: [Comment]: mysql_stmt_prepare error	[mysql_stmt_error]: Table 'arma3life.wanted' doesn't exist	[mysql_stmt_errno]: 1146	[mysql_stmt_sqlstate]: 42S02	[statemnt]: INSERT INTO wanted (wantedID, wantedName, wantedCrimes, wantedBounty, active) VALUES(?,?,?,?,?);
[16:10:44 --4:00] [Thread 165149584] extDB: DB_CUSTOM_V5: Error Exception: SQL: wantedInsertCrimes:76561198120651027:[df]Blurr:["187V"]:6500:1
[16:10:51 --4:00] [Thread 165149584] extDB: DB_CUSTOM_V5: Error StatementException: MySQL: [MySQL]: [Comment]: mysql_stmt_prepare error	[mysql_stmt_error]: Table 'arma3life.wanted' doesn't exist	[mysql_stmt_errno]: 1146	[mysql_stmt_sqlstate]: 42S02	[statemnt]: UPDATE wanted SET active = 0, wantedCrimes = '[]', wantedBounty = 0 WHERE wantedID=?;
[16:10:51 --4:00] [Thread 165149584] extDB: DB_CUSTOM_V5: Error Exception: SQL: wantedRemoveCrimes:76561198113994834
[16:10:53 --4:00] [Thread 165149584] extDB: DB_CUSTOM_V5: Error StatementException: MySQL: [MySQL]: [Comment]: mysql_stmt_prepare error	[mysql_stmt_error]: Table 'arma3life.wanted' doesn't exist	[mysql_stmt_errno]: 1146	[mysql_stmt_sqlstate]: 42S02	[statemnt]: UPDATE wanted SET active = 0, wantedCrimes = '[]', wantedBounty = 0 WHERE wantedID=?;
[16:10:53 --4:00] [Thread 165149584] extDB: DB_CUSTOM_V5: Error Exception: SQL: wantedRemoveCrimes:76561198120651027
[16:13:14 --4:00] [Thread 2397394957] extDB: DB_CUSTOM_V5: Error StatementException: MySQL: [MySQL]: [Comment]: mysql_stmt_prepare error	[mysql_stmt_error]: Table 'arma3life.wanted' doesn't exist	[mysql_stmt_errno]: 1146	[mysql_stmt_sqlstate]: 42S02	[statemnt]: UPDATE wanted SET active = 0, wantedCrimes = '[]', wantedBounty = 0 WHERE wantedID=?;
[16:13:14 --4:00] [Thread 2397394957] extDB: DB_CUSTOM_V5: Error Exception: SQL: wantedRemoveCrimes:76561198120651027
[16:13:20 --4:00] [Thread 2397394957] extDB: DB_CUSTOM_V5: Error StatementException: MySQL: [MySQL]: [Comment]: mysql_stmt_prepare error	[mysql_stmt_error]: Table 'arma3life.wanted' doesn't exist	[mysql_stmt_errno]: 1146	[mysql_stmt_sqlstate]: 42S02	[statemnt]: UPDATE wanted SET active = 0, wantedCrimes = '[]', wantedBounty = 0 WHERE wantedID=?;
[16:13:20 --4:00] [Thread 2397394957] extDB: DB_CUSTOM_V5: Error Exception: SQL: wantedRemoveCrimes:76561198120651027
[16:14:40 --4:00] [Thread 165149584] extDB: DB_CUSTOM_V5: Error StatementException: MySQL: [MySQL]: [Comment]: mysql_stmt_prepare error	[mysql_stmt_error]: Table 'arma3life.wanted' doesn't exist	[mysql_stmt_errno]: 1146	[mysql_stmt_sqlstate]: 42S02	[statemnt]: UPDATE wanted SET active = 0, wantedCrimes = '[]', wantedBounty = 0 WHERE wantedID=?;
[16:14:40 --4:00] [Thread 165149584] extDB: DB_CUSTOM_V5: Error Exception: SQL: wantedRemoveCrimes:76561198120651027
[16:17:29 --4:00] [Thread 2397394957] extDB: DB_CUSTOM_V5: Error StatementException: MySQL: [MySQL]: [Comment]: mysql_stmt_prepare error	[mysql_stmt_error]: Table 'arma3life.wanted' doesn't exist	[mysql_stmt_errno]: 1146	[mysql_stmt_sqlstate]: 42S02	[statemnt]: SELECT wantedID, wantedCrimes FROM wanted WHERE wantedID=?;
[16:17:29 --4:00] [Thread 2397394957] extDB: DB_CUSTOM_V5: Error Exception: SQL: wantedGetCrimes:76561198120651027
[16:17:29 --4:00] [Thread 2397394957] extDB: DB_CUSTOM_V5: Error StatementException: MySQL: [MySQL]: [Comment]: mysql_stmt_prepare error	[mysql_stmt_error]: Table 'arma3life.wanted' doesn't exist	[mysql_stmt_errno]: 1146	[mysql_stmt_sqlstate]: 42S02	[statemnt]: INSERT INTO wanted (wantedID, wantedName, wantedCrimes, wantedBounty, active) VALUES(?,?,?,?,?);
[16:17:29 --4:00] [Thread 2397394957] extDB: DB_CUSTOM_V5: Error Exception: SQL: wantedInsertCrimes:76561198120651027:[df]Blurr:["187"]:20000:1
[16:17:35 --4:00] [Thread 165149584] extDB: DB_CUSTOM_V5: Error StatementException: MySQL: [MySQL]: [Comment]: mysql_stmt_prepare error	[mysql_stmt_error]: Table 'arma3life.wanted' doesn't exist	[mysql_stmt_errno]: 1146	[mysql_stmt_sqlstate]: 42S02	[statemnt]: UPDATE wanted SET active = 0, wantedCrimes = '[]', wantedBounty = 0 WHERE wantedID=?;
[16:17:35 --4:00] [Thread 165149584] extDB: DB_CUSTOM_V5: Error Exception: SQL: wantedRemoveCrimes:76561198113994834
[16:21:41 --4:00] [Thread 165149584] extDB: DB_CUSTOM_V5: Error StatementException: MySQL: [MySQL]: [Comment]: mysql_stmt_prepare error	[mysql_stmt_error]: Table 'arma3life.wanted' doesn't exist	[mysql_stmt_errno]: 1146	[mysql_stmt_sqlstate]: 42S02	[statemnt]: SELECT wantedID, wantedCrimes FROM wanted WHERE wantedID=?;
[16:21:41 --4:00] [Thread 165149584] extDB: DB_CUSTOM_V5: Error Exception: SQL: wantedGetCrimes:76561198120651027
[16:21:41 --4:00] [Thread 165149584] extDB: DB_CUSTOM_V5: Error StatementException: MySQL: [MySQL]: [Comment]: mysql_stmt_prepare error	[mysql_stmt_error]: Table 'arma3life.wanted' doesn't exist	[mysql_stmt_errno]: 1146	[mysql_stmt_sqlstate]: 42S02	[statemnt]: INSERT INTO wanted (wantedID, wantedName, wantedCrimes, wantedBounty, active) VALUES(?,?,?,?,?);
[16:21:41 --4:00] [Thread 165149584] extDB: DB_CUSTOM_V5: Error Exception: SQL: wantedInsertCrimes:76561198120651027:[df]Blurr:["187"]:20000:1
[16:21:47 --4:00] [Thread 2397394957] extDB: DB_CUSTOM_V5: Error StatementException: MySQL: [MySQL]: [Comment]: mysql_stmt_prepare error	[mysql_stmt_error]: Table 'arma3life.wanted' doesn't exist	[mysql_stmt_errno]: 1146	[mysql_stmt_sqlstate]: 42S02	[statemnt]: UPDATE wanted SET active = 0, wantedCrimes = '[]', wantedBounty = 0 WHERE wantedID=?;
[16:21:47 --4:00] [Thread 2397394957] extDB: DB_CUSTOM_V5: Error Exception: SQL: wantedRemoveCrimes:76561198113994834
[16:21:55 --4:00] [Thread 2397394957] extDB: DB_CUSTOM_V5: Error StatementException: MySQL: [MySQL]: [Comment]: mysql_stmt_prepare error	[mysql_stmt_error]: Table 'arma3life.wanted' doesn't exist	[mysql_stmt_errno]: 1146	[mysql_stmt_sqlstate]: 42S02	[statemnt]: SELECT wantedID, wantedCrimes FROM wanted WHERE wantedID=?;
[16:21:55 --4:00] [Thread 2397394957] extDB: DB_CUSTOM_V5: Error Exception: SQL: wantedGetCrimes:76561198120651027
[16:21:55 --4:00] [Thread 2397394957] extDB: DB_CUSTOM_V5: Error StatementException: MySQL: [MySQL]: [Comment]: mysql_stmt_prepare error	[mysql_stmt_error]: Table 'arma3life.wanted' doesn't exist	[mysql_stmt_errno]: 1146	[mysql_stmt_sqlstate]: 42S02	[statemnt]: INSERT INTO wanted (wantedID, wantedName, wantedCrimes, wantedBounty, active) VALUES(?,?,?,?,?);
[16:21:55 --4:00] [Thread 2397394957] extDB: DB_CUSTOM_V5: Error Exception: SQL: wantedInsertCrimes:76561198120651027:[df]Blurr:["187"]:20000:1
[16:33:10 --4:00] [Thread 165149584] extDB: DB_CUSTOM_V5: Error StatementException: MySQL: [MySQL]: [Comment]: mysql_stmt_prepare error	[mysql_stmt_error]: Table 'arma3life.wanted' doesn't exist	[mysql_stmt_errno]: 1146	[mysql_stmt_sqlstate]: 42S02	[statemnt]: UPDATE wanted SET active = 0, wantedCrimes = '[]', wantedBounty = 0 WHERE wantedID=?;
[16:33:10 --4:00] [Thread 165149584] extDB: DB_CUSTOM_V5: Error Exception: SQL: wantedRemoveCrimes:76561198113994834
[17:07:51 --4:00] [Thread 308749521] extDB: Stopping ...
