[18:35:39 --4:00] [Thread 3692974880] extDB: Version: 35
[18:35:39 --4:00] [Thread 3692974880] extDB: Windows Version
[18:35:39 --4:00] [Thread 3692974880] Message: Arma Linux Servers are using Older Physic Library (than Windows Servers), due to Debian 7 using old version of Glibc
[18:35:39 --4:00] [Thread 3692974880] Message: If you like extDB consider donating or bug BIS to drop support for Debian 7 thanks, so Linux Servers get same Physic Library Version as Windows
[18:35:39 --4:00] [Thread 3692974880] Message: Note currently most/all development for extDB is done on a Linux Server
[18:35:39 --4:00] [Thread 3692974880] Message: Torndeco: 24/01/15
[18:35:39 --4:00] [Thread 3692974880] 
[18:35:39 --4:00] [Thread 3692974880] extDB: Found extdb-conf.ini
[18:35:39 --4:00] [Thread 3692974880] extDB: Detected 4 Cores, Setting up 4 Worker Threads
[18:35:39 --4:00] [Thread 3692974880] extDB: Database Type: MySQL
[18:35:39 --4:00] [Thread 3692974880] extDB: Database Session Pool Started
[18:35:39 --4:00] [Thread 3692974880] extDB: DB_CUSTOM_V5: Loading Template Filename: C:\Users\Dell i5\Desktop\Drunken Life Server\@extDB\extDB\db_custom\altis-life-rpg-4.ini
[18:35:39 --4:00] [Thread 2143448931] extDB: DB_CUSTOM_V5: Error StatementException: MySQL: [MySQL]: [Comment]: mysql_stmt_execute error	[mysql_stmt_error]: The user specified as a definer ('arma3'@'localhost') does not exist	[mysql_stmt_errno]: 1449	[mysql_stmt_sqlstate]: HY000	[statemnt]: CALL resetLifeVehicles;
[18:35:39 --4:00] [Thread 2143448931] extDB: DB_CUSTOM_V5: Error Exception: SQL: resetLifeVehicles
[18:39:22 --4:00] [Thread 3736453154] extDB: DB_CUSTOM_V5: Error StatementException: MySQL: [MySQL]: [Comment]: mysql_stmt_prepare error	[mysql_stmt_error]: Table 'arma3life.wanted' doesn't exist	[mysql_stmt_errno]: 1146	[mysql_stmt_sqlstate]: 42S02	[statemnt]: UPDATE wanted SET active = 0, wantedCrimes = '[]', wantedBounty = 0 WHERE wantedID=?;
[18:39:22 --4:00] [Thread 3736453154] extDB: DB_CUSTOM_V5: Error Exception: SQL: wantedRemoveCrimes:76561198120651027
[18:39:41 --4:00] [Thread 1167032445] extDB: DB_CUSTOM_V5: Error StatementException: MySQL: [MySQL]: [Comment]: mysql_stmt_prepare error	[mysql_stmt_error]: Table 'arma3life.wanted' doesn't exist	[mysql_stmt_errno]: 1146	[mysql_stmt_sqlstate]: 42S02	[statemnt]: UPDATE wanted SET active = 0, wantedCrimes = '[]', wantedBounty = 0 WHERE wantedID=?;
[18:39:41 --4:00] [Thread 1167032445] extDB: DB_CUSTOM_V5: Error Exception: SQL: wantedRemoveCrimes:76561198120651027
[18:41:47 --4:00] [Thread 1167032445] extDB: DB_CUSTOM_V5: Error StatementException: MySQL: [MySQL]: [Comment]: mysql_stmt_prepare error	[mysql_stmt_error]: Table 'arma3life.wanted' doesn't exist	[mysql_stmt_errno]: 1146	[mysql_stmt_sqlstate]: 42S02	[statemnt]: SELECT wantedID, wantedCrimes FROM wanted WHERE wantedID=?;
[18:41:47 --4:00] [Thread 1167032445] extDB: DB_CUSTOM_V5: Error Exception: SQL: wantedGetCrimes:76561198120651027
[18:41:47 --4:00] [Thread 1167032445] extDB: DB_CUSTOM_V5: Error StatementException: MySQL: [MySQL]: [Comment]: mysql_stmt_prepare error	[mysql_stmt_error]: Table 'arma3life.wanted' doesn't exist	[mysql_stmt_errno]: 1146	[mysql_stmt_sqlstate]: 42S02	[statemnt]: INSERT INTO wanted (wantedID, wantedName, wantedCrimes, wantedBounty, active) VALUES(?,?,?,?,?);
[18:41:47 --4:00] [Thread 1167032445] extDB: DB_CUSTOM_V5: Error Exception: SQL: wantedInsertCrimes:76561198120651027:[df]Blurr:["187"]:20000:1
[18:41:53 --4:00] [Thread 3736453154] extDB: DB_CUSTOM_V5: Error StatementException: MySQL: [MySQL]: [Comment]: mysql_stmt_prepare error	[mysql_stmt_error]: Table 'arma3life.wanted' doesn't exist	[mysql_stmt_errno]: 1146	[mysql_stmt_sqlstate]: 42S02	[statemnt]: UPDATE wanted SET active = 0, wantedCrimes = '[]', wantedBounty = 0 WHERE wantedID=?;
[18:41:53 --4:00] [Thread 3736453154] extDB: DB_CUSTOM_V5: Error Exception: SQL: wantedRemoveCrimes:76561198113994834
[18:42:35 --4:00] [Thread 3692974880] extDB: Stopping ...
