[20:37:33 --4:00] [Thread 970694505] extDB: Version: 35
[20:37:33 --4:00] [Thread 970694505] extDB: Windows Version
[20:37:33 --4:00] [Thread 970694505] Message: Arma Linux Servers are using Older Physic Library (than Windows Servers), due to Debian 7 using old version of Glibc
[20:37:33 --4:00] [Thread 970694505] Message: If you like extDB consider donating or bug BIS to drop support for Debian 7 thanks, so Linux Servers get same Physic Library Version as Windows
[20:37:33 --4:00] [Thread 970694505] Message: Note currently most/all development for extDB is done on a Linux Server
[20:37:33 --4:00] [Thread 970694505] Message: Torndeco: 24/01/15
[20:37:33 --4:00] [Thread 970694505] 
[20:37:33 --4:00] [Thread 970694505] extDB: Found extdb-conf.ini
[20:37:33 --4:00] [Thread 970694505] extDB: Detected 4 Cores, Setting up 4 Worker Threads
[20:37:33 --4:00] [Thread 970694505] extDB: Database Type: MySQL
[20:37:33 --4:00] [Thread 970694505] extDB: Database Session Pool Started
[20:37:33 --4:00] [Thread 970694505] extDB: DB_CUSTOM_V5: Loading Template Filename: C:\Users\Dell i5\Desktop\Drunken Life Server\@extDB\extDB\db_custom\altis-life-rpg-4.ini
[20:37:34 --4:00] [Thread 1475669167] extDB: DB_CUSTOM_V5: Error StatementException: MySQL: [MySQL]: [Comment]: mysql_stmt_execute error	[mysql_stmt_error]: The user specified as a definer ('arma3'@'localhost') does not exist	[mysql_stmt_errno]: 1449	[mysql_stmt_sqlstate]: HY000	[statemnt]: CALL resetLifeVehicles;
[20:37:34 --4:00] [Thread 1475669167] extDB: DB_CUSTOM_V5: Error Exception: SQL: resetLifeVehicles
[22:15:56 --4:00] [Thread 297537099] extDB: DB_CUSTOM_V5: Error StatementException: MySQL: [MySQL]: [Comment]: mysql_stmt_prepare error	[mysql_stmt_error]: Table 'arma3life.wanted' doesn't exist	[mysql_stmt_errno]: 1146	[mysql_stmt_sqlstate]: 42S02	[statemnt]: SELECT wantedID, wantedCrimes FROM wanted WHERE wantedID=?;
[22:15:56 --4:00] [Thread 297537099] extDB: DB_CUSTOM_V5: Error Exception: SQL: wantedGetCrimes:76561198113994834
[22:15:57 --4:00] [Thread 297537099] extDB: DB_CUSTOM_V5: Error StatementException: MySQL: [MySQL]: [Comment]: mysql_stmt_prepare error	[mysql_stmt_error]: Table 'arma3life.wanted' doesn't exist	[mysql_stmt_errno]: 1146	[mysql_stmt_sqlstate]: 42S02	[statemnt]: INSERT INTO wanted (wantedID, wantedName, wantedCrimes, wantedBounty, active) VALUES(?,?,?,?,?);
[22:15:57 --4:00] [Thread 297537099] extDB: DB_CUSTOM_V5: Error Exception: SQL: wantedInsertCrimes:76561198113994834:[df]Valiant:["187"]:20000:1
[22:16:03 --4:00] [Thread 3452701528] extDB: DB_CUSTOM_V5: Error StatementException: MySQL: [MySQL]: [Comment]: mysql_stmt_prepare error	[mysql_stmt_error]: Table 'arma3life.wanted' doesn't exist	[mysql_stmt_errno]: 1146	[mysql_stmt_sqlstate]: 42S02	[statemnt]: UPDATE wanted SET active = 0, wantedCrimes = '[]', wantedBounty = 0 WHERE wantedID=?;
[22:16:03 --4:00] [Thread 3452701528] extDB: DB_CUSTOM_V5: Error Exception: SQL: wantedRemoveCrimes:76561198042152135
[22:20:41 --4:00] [Thread 297537099] extDB: DB_CUSTOM_V5: Error StatementException: MySQL: [MySQL]: [Comment]: mysql_stmt_prepare error	[mysql_stmt_error]: Table 'arma3life.wanted' doesn't exist	[mysql_stmt_errno]: 1146	[mysql_stmt_sqlstate]: 42S02	[statemnt]: UPDATE wanted SET active = 0, wantedCrimes = '[]', wantedBounty = 0 WHERE wantedID=?;
[22:20:41 --4:00] [Thread 297537099] extDB: DB_CUSTOM_V5: Error Exception: SQL: wantedRemoveCrimes:76561198113994834
[22:21:25 --4:00] [Thread 3452701528] extDB: DB_CUSTOM_V5: Error StatementException: MySQL: [MySQL]: [Comment]: mysql_stmt_prepare error	[mysql_stmt_error]: Table 'arma3life.wanted' doesn't exist	[mysql_stmt_errno]: 1146	[mysql_stmt_sqlstate]: 42S02	[statemnt]: UPDATE wanted SET active = 0, wantedCrimes = '[]', wantedBounty = 0 WHERE wantedID=?;
[22:21:25 --4:00] [Thread 3452701528] extDB: DB_CUSTOM_V5: Error Exception: SQL: wantedRemoveCrimes:76561198113994834
[22:30:28 --4:00] [Thread 297537099] extDB: DB_CUSTOM_V5: Error StatementException: MySQL: [MySQL]: [Comment]: mysql_stmt_prepare error	[mysql_stmt_error]: Table 'arma3life.wanted' doesn't exist	[mysql_stmt_errno]: 1146	[mysql_stmt_sqlstate]: 42S02	[statemnt]: UPDATE wanted SET active = 0, wantedCrimes = '[]', wantedBounty = 0 WHERE wantedID=?;
[22:30:28 --4:00] [Thread 297537099] extDB: DB_CUSTOM_V5: Error Exception: SQL: wantedRemoveCrimes:76561198042152135
[22:33:15 --4:00] [Thread 3452701528] extDB: DB_CUSTOM_V5: Error StatementException: MySQL: [MySQL]: [Comment]: mysql_stmt_prepare error	[mysql_stmt_error]: Table 'arma3life.wanted' doesn't exist	[mysql_stmt_errno]: 1146	[mysql_stmt_sqlstate]: 42S02	[statemnt]: UPDATE wanted SET active = 0, wantedCrimes = '[]', wantedBounty = 0 WHERE wantedID=?;
[22:33:15 --4:00] [Thread 3452701528] extDB: DB_CUSTOM_V5: Error Exception: SQL: wantedRemoveCrimes:76561198042152135
[22:33:57 --4:00] [Thread 3452701528] extDB: DB_CUSTOM_V5: Error StatementException: MySQL: [MySQL]: [Comment]: mysql_stmt_prepare error	[mysql_stmt_error]: Table 'arma3life.wanted' doesn't exist	[mysql_stmt_errno]: 1146	[mysql_stmt_sqlstate]: 42S02	[statemnt]: UPDATE wanted SET active = 0, wantedCrimes = '[]', wantedBounty = 0 WHERE wantedID=?;
[22:33:57 --4:00] [Thread 3452701528] extDB: DB_CUSTOM_V5: Error Exception: SQL: wantedRemoveCrimes:76561198042152135
[22:36:03 --4:00] [Thread 2304375060] extDB: DB_CUSTOM_V5: Error StatementException: MySQL: [MySQL]: [Comment]: mysql_stmt_prepare error	[mysql_stmt_error]: Table 'arma3life.wanted' doesn't exist	[mysql_stmt_errno]: 1146	[mysql_stmt_sqlstate]: 42S02	[statemnt]: SELECT wantedID, wantedCrimes FROM wanted WHERE wantedID=?;
[22:36:03 --4:00] [Thread 2304375060] extDB: DB_CUSTOM_V5: Error Exception: SQL: wantedGetCrimes:76561198113994834
[22:36:03 --4:00] [Thread 2304375060] extDB: DB_CUSTOM_V5: Error StatementException: MySQL: [MySQL]: [Comment]: mysql_stmt_prepare error	[mysql_stmt_error]: Table 'arma3life.wanted' doesn't exist	[mysql_stmt_errno]: 1146	[mysql_stmt_sqlstate]: 42S02	[statemnt]: INSERT INTO wanted (wantedID, wantedName, wantedCrimes, wantedBounty, active) VALUES(?,?,?,?,?);
[22:36:03 --4:00] [Thread 2304375060] extDB: DB_CUSTOM_V5: Error Exception: SQL: wantedInsertCrimes:76561198113994834:[df]Valiant:["187"]:20000:1
[22:36:09 --4:00] [Thread 3452701528] extDB: DB_CUSTOM_V5: Error StatementException: MySQL: [MySQL]: [Comment]: mysql_stmt_prepare error	[mysql_stmt_error]: Table 'arma3life.wanted' doesn't exist	[mysql_stmt_errno]: 1146	[mysql_stmt_sqlstate]: 42S02	[statemnt]: UPDATE wanted SET active = 0, wantedCrimes = '[]', wantedBounty = 0 WHERE wantedID=?;
[22:36:09 --4:00] [Thread 3452701528] extDB: DB_CUSTOM_V5: Error Exception: SQL: wantedRemoveCrimes:76561198042152135
[22:38:52 --4:00] [Thread 2304375060] extDB: DB_CUSTOM_V5: Error StatementException: MySQL: [MySQL]: [Comment]: mysql_stmt_prepare error	[mysql_stmt_error]: Table 'arma3life.wanted' doesn't exist	[mysql_stmt_errno]: 1146	[mysql_stmt_sqlstate]: 42S02	[statemnt]: UPDATE wanted SET active = 0, wantedCrimes = '[]', wantedBounty = 0 WHERE wantedID=?;
[22:38:52 --4:00] [Thread 2304375060] extDB: DB_CUSTOM_V5: Error Exception: SQL: wantedRemoveCrimes:76561198120651027
[22:39:43 --4:00] [Thread 3452701528] extDB: DB_CUSTOM_V5: Error StatementException: MySQL: [MySQL]: [Comment]: mysql_stmt_prepare error	[mysql_stmt_error]: Table 'arma3life.wanted' doesn't exist	[mysql_stmt_errno]: 1146	[mysql_stmt_sqlstate]: 42S02	[statemnt]: UPDATE wanted SET active = 0, wantedCrimes = '[]', wantedBounty = 0 WHERE wantedID=?;
[22:39:43 --4:00] [Thread 3452701528] extDB: DB_CUSTOM_V5: Error Exception: SQL: wantedRemoveCrimes:76561198113994834
[22:39:43 --4:00] [Thread 3452701528] extDB: DB_CUSTOM_V5: Error StatementException: MySQL: [MySQL]: [Comment]: mysql_stmt_prepare error	[mysql_stmt_error]: Table 'arma3life.wanted' doesn't exist	[mysql_stmt_errno]: 1146	[mysql_stmt_sqlstate]: 42S02	[statemnt]: UPDATE wanted SET active = 0, wantedCrimes = '[]', wantedBounty = 0 WHERE wantedID=?;
[22:39:43 --4:00] [Thread 3452701528] extDB: DB_CUSTOM_V5: Error Exception: SQL: wantedRemoveCrimes:76561198120651027
[22:39:44 --4:00] [Thread 3452701528] extDB: DB_CUSTOM_V5: Error StatementException: MySQL: [MySQL]: [Comment]: mysql_stmt_prepare error	[mysql_stmt_error]: Table 'arma3life.wanted' doesn't exist	[mysql_stmt_errno]: 1146	[mysql_stmt_sqlstate]: 42S02	[statemnt]: UPDATE wanted SET active = 0, wantedCrimes = '[]', wantedBounty = 0 WHERE wantedID=?;
[22:39:44 --4:00] [Thread 3452701528] extDB: DB_CUSTOM_V5: Error Exception: SQL: wantedRemoveCrimes:76561198042152135
[22:41:17 --4:00] [Thread 3452701528] extDB: DB_CUSTOM_V5: Error StatementException: MySQL: [MySQL]: [Comment]: mysql_stmt_prepare error	[mysql_stmt_error]: Table 'arma3life.wanted' doesn't exist	[mysql_stmt_errno]: 1146	[mysql_stmt_sqlstate]: 42S02	[statemnt]: UPDATE wanted SET active = 0, wantedCrimes = '[]', wantedBounty = 0 WHERE wantedID=?;
[22:41:17 --4:00] [Thread 3452701528] extDB: DB_CUSTOM_V5: Error Exception: SQL: wantedRemoveCrimes:76561198042152135
[22:42:57 --4:00] [Thread 3452701528] extDB: DB_CUSTOM_V5: Error StatementException: MySQL: [MySQL]: [Comment]: mysql_stmt_prepare error	[mysql_stmt_error]: Table 'arma3life.wanted' doesn't exist	[mysql_stmt_errno]: 1146	[mysql_stmt_sqlstate]: 42S02	[statemnt]: UPDATE wanted SET active = 0, wantedCrimes = '[]', wantedBounty = 0 WHERE wantedID=?;
[22:42:57 --4:00] [Thread 3452701528] extDB: DB_CUSTOM_V5: Error Exception: SQL: wantedRemoveCrimes:76561198042152135
[22:43:44 --4:00] [Thread 3452701528] extDB: DB_CUSTOM_V5: Error StatementException: MySQL: [MySQL]: [Comment]: mysql_stmt_prepare error	[mysql_stmt_error]: Table 'arma3life.wanted' doesn't exist	[mysql_stmt_errno]: 1146	[mysql_stmt_sqlstate]: 42S02	[statemnt]: UPDATE wanted SET active = 0, wantedCrimes = '[]', wantedBounty = 0 WHERE wantedID=?;
[22:43:44 --4:00] [Thread 3452701528] extDB: DB_CUSTOM_V5: Error Exception: SQL: wantedRemoveCrimes:76561198113994834
[22:45:29 --4:00] [Thread 297537099] extDB: DB_CUSTOM_V5: Error StatementException: MySQL: [MySQL]: [Comment]: mysql_stmt_prepare error	[mysql_stmt_error]: Table 'arma3life.wanted' doesn't exist	[mysql_stmt_errno]: 1146	[mysql_stmt_sqlstate]: 42S02	[statemnt]: UPDATE wanted SET active = 0, wantedCrimes = '[]', wantedBounty = 0 WHERE wantedID=?;
[22:45:29 --4:00] [Thread 297537099] extDB: DB_CUSTOM_V5: Error Exception: SQL: wantedRemoveCrimes:76561198042152135
[22:45:33 --4:00] [Thread 297537099] extDB: DB_CUSTOM_V5: Error StatementException: MySQL: [MySQL]: [Comment]: mysql_stmt_prepare error	[mysql_stmt_error]: Table 'arma3life.wanted' doesn't exist	[mysql_stmt_errno]: 1146	[mysql_stmt_sqlstate]: 42S02	[statemnt]: UPDATE wanted SET active = 0, wantedCrimes = '[]', wantedBounty = 0 WHERE wantedID=?;
[22:45:33 --4:00] [Thread 297537099] extDB: DB_CUSTOM_V5: Error Exception: SQL: wantedRemoveCrimes:76561198113994834
[22:47:40 --4:00] [Thread 3452701528] extDB: DB_CUSTOM_V5: Error StatementException: MySQL: [MySQL]: [Comment]: mysql_stmt_prepare error	[mysql_stmt_error]: Table 'arma3life.wanted' doesn't exist	[mysql_stmt_errno]: 1146	[mysql_stmt_sqlstate]: 42S02	[statemnt]: UPDATE wanted SET active = 0, wantedCrimes = '[]', wantedBounty = 0 WHERE wantedID=?;
[22:47:40 --4:00] [Thread 3452701528] extDB: DB_CUSTOM_V5: Error Exception: SQL: wantedRemoveCrimes:76561198042152135
[22:47:55 --4:00] [Thread 297537099] extDB: DB_CUSTOM_V5: Error StatementException: MySQL: [MySQL]: [Comment]: mysql_stmt_prepare error	[mysql_stmt_error]: Table 'arma3life.wanted' doesn't exist	[mysql_stmt_errno]: 1146	[mysql_stmt_sqlstate]: 42S02	[statemnt]: UPDATE wanted SET active = 0, wantedCrimes = '[]', wantedBounty = 0 WHERE wantedID=?;
[22:47:55 --4:00] [Thread 297537099] extDB: DB_CUSTOM_V5: Error Exception: SQL: wantedRemoveCrimes:76561198113994834
[22:49:46 --4:00] [Thread 297537099] extDB: DB_CUSTOM_V5: Error StatementException: MySQL: [MySQL]: [Comment]: mysql_stmt_prepare error	[mysql_stmt_error]: Table 'arma3life.wanted' doesn't exist	[mysql_stmt_errno]: 1146	[mysql_stmt_sqlstate]: 42S02	[statemnt]: UPDATE wanted SET active = 0, wantedCrimes = '[]', wantedBounty = 0 WHERE wantedID=?;
[22:49:46 --4:00] [Thread 297537099] extDB: DB_CUSTOM_V5: Error Exception: SQL: wantedRemoveCrimes:76561198113994834
[22:50:06 --4:00] [Thread 3452701528] extDB: DB_CUSTOM_V5: Error StatementException: MySQL: [MySQL]: [Comment]: mysql_stmt_prepare error	[mysql_stmt_error]: Table 'arma3life.wanted' doesn't exist	[mysql_stmt_errno]: 1146	[mysql_stmt_sqlstate]: 42S02	[statemnt]: UPDATE wanted SET active = 0, wantedCrimes = '[]', wantedBounty = 0 WHERE wantedID=?;
[22:50:06 --4:00] [Thread 3452701528] extDB: DB_CUSTOM_V5: Error Exception: SQL: wantedRemoveCrimes:76561198042152135
[22:54:34 --4:00] [Thread 3452701528] extDB: DB_CUSTOM_V5: Error StatementException: MySQL: [MySQL]: [Comment]: mysql_stmt_prepare error	[mysql_stmt_error]: Table 'arma3life.wanted' doesn't exist	[mysql_stmt_errno]: 1146	[mysql_stmt_sqlstate]: 42S02	[statemnt]: UPDATE wanted SET active = 0, wantedCrimes = '[]', wantedBounty = 0 WHERE wantedID=?;
[22:54:34 --4:00] [Thread 3452701528] extDB: DB_CUSTOM_V5: Error Exception: SQL: wantedRemoveCrimes:76561198042152135
[22:55:24 --4:00] [Thread 3452701528] extDB: DB_CUSTOM_V5: Error StatementException: MySQL: [MySQL]: [Comment]: mysql_stmt_prepare error	[mysql_stmt_error]: Table 'arma3life.wanted' doesn't exist	[mysql_stmt_errno]: 1146	[mysql_stmt_sqlstate]: 42S02	[statemnt]: UPDATE wanted SET active = 0, wantedCrimes = '[]', wantedBounty = 0 WHERE wantedID=?;
[22:55:24 --4:00] [Thread 3452701528] extDB: DB_CUSTOM_V5: Error Exception: SQL: wantedRemoveCrimes:76561198113994834
[22:56:42 --4:00] [Thread 2304375060] extDB: DB_CUSTOM_V5: Error StatementException: MySQL: [MySQL]: [Comment]: mysql_stmt_prepare error	[mysql_stmt_error]: Table 'arma3life.wanted' doesn't exist	[mysql_stmt_errno]: 1146	[mysql_stmt_sqlstate]: 42S02	[statemnt]: UPDATE wanted SET active = 0, wantedCrimes = '[]', wantedBounty = 0 WHERE wantedID=?;
[22:56:42 --4:00] [Thread 2304375060] extDB: DB_CUSTOM_V5: Error Exception: SQL: wantedRemoveCrimes:76561198113994834
[22:56:48 --4:00] [Thread 2304375060] extDB: DB_CUSTOM_V5: Error StatementException: MySQL: [MySQL]: [Comment]: mysql_stmt_prepare error	[mysql_stmt_error]: Table 'arma3life.wanted' doesn't exist	[mysql_stmt_errno]: 1146	[mysql_stmt_sqlstate]: 42S02	[statemnt]: UPDATE wanted SET active = 0, wantedCrimes = '[]', wantedBounty = 0 WHERE wantedID=?;
[22:56:48 --4:00] [Thread 2304375060] extDB: DB_CUSTOM_V5: Error Exception: SQL: wantedRemoveCrimes:76561198042152135
[23:01:35 --4:00] [Thread 3452701528] extDB: DB_CUSTOM_V5: Error StatementException: MySQL: [MySQL]: [Comment]: mysql_stmt_prepare error	[mysql_stmt_error]: Table 'arma3life.wanted' doesn't exist	[mysql_stmt_errno]: 1146	[mysql_stmt_sqlstate]: 42S02	[statemnt]: UPDATE wanted SET active = 0, wantedCrimes = '[]', wantedBounty = 0 WHERE wantedID=?;
[23:01:35 --4:00] [Thread 3452701528] extDB: DB_CUSTOM_V5: Error Exception: SQL: wantedRemoveCrimes:76561198113994834
[23:02:00 --4:00] [Thread 2304375060] extDB: DB_CUSTOM_V5: Error StatementException: MySQL: [MySQL]: [Comment]: mysql_stmt_prepare error	[mysql_stmt_error]: Table 'arma3life.wanted' doesn't exist	[mysql_stmt_errno]: 1146	[mysql_stmt_sqlstate]: 42S02	[statemnt]: UPDATE wanted SET active = 0, wantedCrimes = '[]', wantedBounty = 0 WHERE wantedID=?;
[23:02:00 --4:00] [Thread 2304375060] extDB: DB_CUSTOM_V5: Error Exception: SQL: wantedRemoveCrimes:76561198113994834
[23:02:20 --4:00] [Thread 3452701528] extDB: DB_CUSTOM_V5: Error StatementException: MySQL: [MySQL]: [Comment]: mysql_stmt_prepare error	[mysql_stmt_error]: Table 'arma3life.wanted' doesn't exist	[mysql_stmt_errno]: 1146	[mysql_stmt_sqlstate]: 42S02	[statemnt]: UPDATE wanted SET active = 0, wantedCrimes = '[]', wantedBounty = 0 WHERE wantedID=?;
[23:02:20 --4:00] [Thread 3452701528] extDB: DB_CUSTOM_V5: Error Exception: SQL: wantedRemoveCrimes:76561198113994834
[23:11:36 --4:00] [Thread 2304375060] extDB: DB_CUSTOM_V5: Error StatementException: MySQL: [MySQL]: [Comment]: mysql_stmt_prepare error	[mysql_stmt_error]: Table 'arma3life.wanted' doesn't exist	[mysql_stmt_errno]: 1146	[mysql_stmt_sqlstate]: 42S02	[statemnt]: UPDATE wanted SET active = 0, wantedCrimes = '[]', wantedBounty = 0 WHERE wantedID=?;
[23:11:36 --4:00] [Thread 2304375060] extDB: DB_CUSTOM_V5: Error Exception: SQL: wantedRemoveCrimes:76561198042152135
[23:12:00 --4:00] [Thread 2304375060] extDB: DB_CUSTOM_V5: Error StatementException: MySQL: [MySQL]: [Comment]: mysql_stmt_prepare error	[mysql_stmt_error]: Table 'arma3life.wanted' doesn't exist	[mysql_stmt_errno]: 1146	[mysql_stmt_sqlstate]: 42S02	[statemnt]: UPDATE wanted SET active = 0, wantedCrimes = '[]', wantedBounty = 0 WHERE wantedID=?;
[23:12:00 --4:00] [Thread 2304375060] extDB: DB_CUSTOM_V5: Error Exception: SQL: wantedRemoveCrimes:76561198042152135
[23:12:05 --4:00] [Thread 2304375060] extDB: DB_CUSTOM_V5: Error StatementException: MySQL: [MySQL]: [Comment]: mysql_stmt_prepare error	[mysql_stmt_error]: Table 'arma3life.wanted' doesn't exist	[mysql_stmt_errno]: 1146	[mysql_stmt_sqlstate]: 42S02	[statemnt]: UPDATE wanted SET active = 0, wantedCrimes = '[]', wantedBounty = 0 WHERE wantedID=?;
[23:12:05 --4:00] [Thread 2304375060] extDB: DB_CUSTOM_V5: Error Exception: SQL: wantedRemoveCrimes:76561198042152135
[23:12:28 --4:00] [Thread 2304375060] extDB: DB_CUSTOM_V5: Error StatementException: MySQL: [MySQL]: [Comment]: mysql_stmt_prepare error	[mysql_stmt_error]: Table 'arma3life.wanted' doesn't exist	[mysql_stmt_errno]: 1146	[mysql_stmt_sqlstate]: 42S02	[statemnt]: SELECT wantedID, wantedCrimes FROM wanted WHERE wantedID=?;
[23:12:28 --4:00] [Thread 2304375060] extDB: DB_CUSTOM_V5: Error Exception: SQL: wantedGetCrimes:76561198113994834
[23:12:29 --4:00] [Thread 2304375060] extDB: DB_CUSTOM_V5: Error StatementException: MySQL: [MySQL]: [Comment]: mysql_stmt_prepare error	[mysql_stmt_error]: Table 'arma3life.wanted' doesn't exist	[mysql_stmt_errno]: 1146	[mysql_stmt_sqlstate]: 42S02	[statemnt]: INSERT INTO wanted (wantedID, wantedName, wantedCrimes, wantedBounty, active) VALUES(?,?,?,?,?);
[23:12:29 --4:00] [Thread 2304375060] extDB: DB_CUSTOM_V5: Error Exception: SQL: wantedInsertCrimes:76561198113994834:[df]Valiant:["187V"]:6500:1
[23:18:13 --4:00] [Thread 3452701528] extDB: DB_CUSTOM_V5: Error StatementException: MySQL: [MySQL]: [Comment]: mysql_stmt_prepare error	[mysql_stmt_error]: Table 'arma3life.wanted' doesn't exist	[mysql_stmt_errno]: 1146	[mysql_stmt_sqlstate]: 42S02	[statemnt]: UPDATE wanted SET active = 0, wantedCrimes = '[]', wantedBounty = 0 WHERE wantedID=?;
[23:18:13 --4:00] [Thread 3452701528] extDB: DB_CUSTOM_V5: Error Exception: SQL: wantedRemoveCrimes:76561198042152135
[23:22:33 --4:00] [Thread 3452701528] extDB: DB_CUSTOM_V5: Error StatementException: MySQL: [MySQL]: [Comment]: mysql_stmt_prepare error	[mysql_stmt_error]: Table 'arma3life.wanted' doesn't exist	[mysql_stmt_errno]: 1146	[mysql_stmt_sqlstate]: 42S02	[statemnt]: SELECT wantedID, wantedCrimes FROM wanted WHERE wantedID=?;
[23:22:33 --4:00] [Thread 3452701528] extDB: DB_CUSTOM_V5: Error Exception: SQL: wantedGetCrimes:76561198113994834
[23:22:33 --4:00] [Thread 3452701528] extDB: DB_CUSTOM_V5: Error StatementException: MySQL: [MySQL]: [Comment]: mysql_stmt_prepare error	[mysql_stmt_error]: Table 'arma3life.wanted' doesn't exist	[mysql_stmt_errno]: 1146	[mysql_stmt_sqlstate]: 42S02	[statemnt]: INSERT INTO wanted (wantedID, wantedName, wantedCrimes, wantedBounty, active) VALUES(?,?,?,?,?);
[23:22:33 --4:00] [Thread 3452701528] extDB: DB_CUSTOM_V5: Error Exception: SQL: wantedInsertCrimes:76561198113994834:[df]Valiant:["187"]:20000:1
[23:22:40 --4:00] [Thread 2304375060] extDB: DB_CUSTOM_V5: Error StatementException: MySQL: [MySQL]: [Comment]: mysql_stmt_prepare error	[mysql_stmt_error]: Table 'arma3life.wanted' doesn't exist	[mysql_stmt_errno]: 1146	[mysql_stmt_sqlstate]: 42S02	[statemnt]: UPDATE wanted SET active = 0, wantedCrimes = '[]', wantedBounty = 0 WHERE wantedID=?;
[23:22:40 --4:00] [Thread 2304375060] extDB: DB_CUSTOM_V5: Error Exception: SQL: wantedRemoveCrimes:76561198120651027
[23:22:56 --4:00] [Thread 2304375060] extDB: DB_CUSTOM_V5: Error StatementException: MySQL: [MySQL]: [Comment]: mysql_stmt_prepare error	[mysql_stmt_error]: Table 'arma3life.wanted' doesn't exist	[mysql_stmt_errno]: 1146	[mysql_stmt_sqlstate]: 42S02	[statemnt]: SELECT wantedID, wantedCrimes FROM wanted WHERE wantedID=?;
[23:22:56 --4:00] [Thread 2304375060] extDB: DB_CUSTOM_V5: Error Exception: SQL: wantedGetCrimes:76561198113994834
[23:22:56 --4:00] [Thread 2304375060] extDB: DB_CUSTOM_V5: Error StatementException: MySQL: [MySQL]: [Comment]: mysql_stmt_prepare error	[mysql_stmt_error]: Table 'arma3life.wanted' doesn't exist	[mysql_stmt_errno]: 1146	[mysql_stmt_sqlstate]: 42S02	[statemnt]: INSERT INTO wanted (wantedID, wantedName, wantedCrimes, wantedBounty, active) VALUES(?,?,?,?,?);
[23:22:56 --4:00] [Thread 2304375060] extDB: DB_CUSTOM_V5: Error Exception: SQL: wantedInsertCrimes:76561198113994834:[df]Valiant:["187"]:20000:1
[23:23:03 --4:00] [Thread 3452701528] extDB: DB_CUSTOM_V5: Error StatementException: MySQL: [MySQL]: [Comment]: mysql_stmt_prepare error	[mysql_stmt_error]: Table 'arma3life.wanted' doesn't exist	[mysql_stmt_errno]: 1146	[mysql_stmt_sqlstate]: 42S02	[statemnt]: UPDATE wanted SET active = 0, wantedCrimes = '[]', wantedBounty = 0 WHERE wantedID=?;
[23:23:03 --4:00] [Thread 3452701528] extDB: DB_CUSTOM_V5: Error Exception: SQL: wantedRemoveCrimes:76561198120651027
[23:23:28 --4:00] [Thread 3452701528] extDB: DB_CUSTOM_V5: Error StatementException: MySQL: [MySQL]: [Comment]: mysql_stmt_prepare error	[mysql_stmt_error]: Table 'arma3life.wanted' doesn't exist	[mysql_stmt_errno]: 1146	[mysql_stmt_sqlstate]: 42S02	[statemnt]: SELECT wantedID, wantedCrimes FROM wanted WHERE wantedID=?;
[23:23:28 --4:00] [Thread 3452701528] extDB: DB_CUSTOM_V5: Error Exception: SQL: wantedGetCrimes:76561198113994834
[23:23:28 --4:00] [Thread 3452701528] extDB: DB_CUSTOM_V5: Error StatementException: MySQL: [MySQL]: [Comment]: mysql_stmt_prepare error	[mysql_stmt_error]: Table 'arma3life.wanted' doesn't exist	[mysql_stmt_errno]: 1146	[mysql_stmt_sqlstate]: 42S02	[statemnt]: INSERT INTO wanted (wantedID, wantedName, wantedCrimes, wantedBounty, active) VALUES(?,?,?,?,?);
[23:23:28 --4:00] [Thread 3452701528] extDB: DB_CUSTOM_V5: Error Exception: SQL: wantedInsertCrimes:76561198113994834:[df]Valiant:["187"]:20000:1
[23:23:35 --4:00] [Thread 2304375060] extDB: DB_CUSTOM_V5: Error StatementException: MySQL: [MySQL]: [Comment]: mysql_stmt_prepare error	[mysql_stmt_error]: Table 'arma3life.wanted' doesn't exist	[mysql_stmt_errno]: 1146	[mysql_stmt_sqlstate]: 42S02	[statemnt]: UPDATE wanted SET active = 0, wantedCrimes = '[]', wantedBounty = 0 WHERE wantedID=?;
[23:23:35 --4:00] [Thread 2304375060] extDB: DB_CUSTOM_V5: Error Exception: SQL: wantedRemoveCrimes:76561198120651027
[23:24:07 --4:00] [Thread 2304375060] extDB: DB_CUSTOM_V5: Error StatementException: MySQL: [MySQL]: [Comment]: mysql_stmt_prepare error	[mysql_stmt_error]: Table 'arma3life.wanted' doesn't exist	[mysql_stmt_errno]: 1146	[mysql_stmt_sqlstate]: 42S02	[statemnt]: SELECT wantedID, wantedCrimes FROM wanted WHERE wantedID=?;
[23:24:07 --4:00] [Thread 2304375060] extDB: DB_CUSTOM_V5: Error Exception: SQL: wantedGetCrimes:76561198113994834
[23:24:07 --4:00] [Thread 2304375060] extDB: DB_CUSTOM_V5: Error StatementException: MySQL: [MySQL]: [Comment]: mysql_stmt_prepare error	[mysql_stmt_error]: Table 'arma3life.wanted' doesn't exist	[mysql_stmt_errno]: 1146	[mysql_stmt_sqlstate]: 42S02	[statemnt]: INSERT INTO wanted (wantedID, wantedName, wantedCrimes, wantedBounty, active) VALUES(?,?,?,?,?);
[23:24:07 --4:00] [Thread 2304375060] extDB: DB_CUSTOM_V5: Error Exception: SQL: wantedInsertCrimes:76561198113994834:[df]Valiant:["187"]:20000:1
[23:24:13 --4:00] [Thread 3452701528] extDB: DB_CUSTOM_V5: Error StatementException: MySQL: [MySQL]: [Comment]: mysql_stmt_prepare error	[mysql_stmt_error]: Table 'arma3life.wanted' doesn't exist	[mysql_stmt_errno]: 1146	[mysql_stmt_sqlstate]: 42S02	[statemnt]: UPDATE wanted SET active = 0, wantedCrimes = '[]', wantedBounty = 0 WHERE wantedID=?;
[23:24:13 --4:00] [Thread 3452701528] extDB: DB_CUSTOM_V5: Error Exception: SQL: wantedRemoveCrimes:76561198120651027
[23:25:08 --4:00] [Thread 3452701528] extDB: DB_CUSTOM_V5: Error StatementException: MySQL: [MySQL]: [Comment]: mysql_stmt_prepare error	[mysql_stmt_error]: Table 'arma3life.wanted' doesn't exist	[mysql_stmt_errno]: 1146	[mysql_stmt_sqlstate]: 42S02	[statemnt]: SELECT wantedID, wantedCrimes FROM wanted WHERE wantedID=?;
[23:25:08 --4:00] [Thread 3452701528] extDB: DB_CUSTOM_V5: Error Exception: SQL: wantedGetCrimes:76561198113994834
[23:25:08 --4:00] [Thread 3452701528] extDB: DB_CUSTOM_V5: Error StatementException: MySQL: [MySQL]: [Comment]: mysql_stmt_prepare error	[mysql_stmt_error]: Table 'arma3life.wanted' doesn't exist	[mysql_stmt_errno]: 1146	[mysql_stmt_sqlstate]: 42S02	[statemnt]: INSERT INTO wanted (wantedID, wantedName, wantedCrimes, wantedBounty, active) VALUES(?,?,?,?,?);
[23:25:08 --4:00] [Thread 3452701528] extDB: DB_CUSTOM_V5: Error Exception: SQL: wantedInsertCrimes:76561198113994834:[df]Valiant:["187"]:20000:1
[23:25:14 --4:00] [Thread 2304375060] extDB: DB_CUSTOM_V5: Error StatementException: MySQL: [MySQL]: [Comment]: mysql_stmt_prepare error	[mysql_stmt_error]: Table 'arma3life.wanted' doesn't exist	[mysql_stmt_errno]: 1146	[mysql_stmt_sqlstate]: 42S02	[statemnt]: UPDATE wanted SET active = 0, wantedCrimes = '[]', wantedBounty = 0 WHERE wantedID=?;
[23:25:14 --4:00] [Thread 2304375060] extDB: DB_CUSTOM_V5: Error Exception: SQL: wantedRemoveCrimes:76561198120651027
[23:25:51 --4:00] [Thread 2304375060] extDB: DB_CUSTOM_V5: Error StatementException: MySQL: [MySQL]: [Comment]: mysql_stmt_prepare error	[mysql_stmt_error]: Table 'arma3life.wanted' doesn't exist	[mysql_stmt_errno]: 1146	[mysql_stmt_sqlstate]: 42S02	[statemnt]: SELECT wantedID, wantedCrimes FROM wanted WHERE wantedID=?;
[23:25:51 --4:00] [Thread 2304375060] extDB: DB_CUSTOM_V5: Error Exception: SQL: wantedGetCrimes:76561198113994834
[23:25:52 --4:00] [Thread 2304375060] extDB: DB_CUSTOM_V5: Error StatementException: MySQL: [MySQL]: [Comment]: mysql_stmt_prepare error	[mysql_stmt_error]: Table 'arma3life.wanted' doesn't exist	[mysql_stmt_errno]: 1146	[mysql_stmt_sqlstate]: 42S02	[statemnt]: INSERT INTO wanted (wantedID, wantedName, wantedCrimes, wantedBounty, active) VALUES(?,?,?,?,?);
[23:25:52 --4:00] [Thread 2304375060] extDB: DB_CUSTOM_V5: Error Exception: SQL: wantedInsertCrimes:76561198113994834:[df]Valiant:["187"]:20000:1
[23:25:58 --4:00] [Thread 3452701528] extDB: DB_CUSTOM_V5: Error StatementException: MySQL: [MySQL]: [Comment]: mysql_stmt_prepare error	[mysql_stmt_error]: Table 'arma3life.wanted' doesn't exist	[mysql_stmt_errno]: 1146	[mysql_stmt_sqlstate]: 42S02	[statemnt]: UPDATE wanted SET active = 0, wantedCrimes = '[]', wantedBounty = 0 WHERE wantedID=?;
[23:25:58 --4:00] [Thread 3452701528] extDB: DB_CUSTOM_V5: Error Exception: SQL: wantedRemoveCrimes:76561198120651027
[23:27:58 --4:00] [Thread 3452701528] extDB: DB_CUSTOM_V5: Error StatementException: MySQL: [MySQL]: [Comment]: mysql_stmt_prepare error	[mysql_stmt_error]: Table 'arma3life.wanted' doesn't exist	[mysql_stmt_errno]: 1146	[mysql_stmt_sqlstate]: 42S02	[statemnt]: SELECT wantedID, wantedCrimes FROM wanted WHERE wantedID=?;
[23:27:58 --4:00] [Thread 3452701528] extDB: DB_CUSTOM_V5: Error Exception: SQL: wantedGetCrimes:76561198113994834
[23:27:58 --4:00] [Thread 3452701528] extDB: DB_CUSTOM_V5: Error StatementException: MySQL: [MySQL]: [Comment]: mysql_stmt_prepare error	[mysql_stmt_error]: Table 'arma3life.wanted' doesn't exist	[mysql_stmt_errno]: 1146	[mysql_stmt_sqlstate]: 42S02	[statemnt]: INSERT INTO wanted (wantedID, wantedName, wantedCrimes, wantedBounty, active) VALUES(?,?,?,?,?);
[23:27:58 --4:00] [Thread 3452701528] extDB: DB_CUSTOM_V5: Error Exception: SQL: wantedInsertCrimes:76561198113994834:[df]Valiant:["187"]:20000:1
[23:28:04 --4:00] [Thread 2304375060] extDB: DB_CUSTOM_V5: Error StatementException: MySQL: [MySQL]: [Comment]: mysql_stmt_prepare error	[mysql_stmt_error]: Table 'arma3life.wanted' doesn't exist	[mysql_stmt_errno]: 1146	[mysql_stmt_sqlstate]: 42S02	[statemnt]: UPDATE wanted SET active = 0, wantedCrimes = '[]', wantedBounty = 0 WHERE wantedID=?;
[23:28:04 --4:00] [Thread 2304375060] extDB: DB_CUSTOM_V5: Error Exception: SQL: wantedRemoveCrimes:76561198120651027
[23:42:11 --4:00] [Thread 2304375060] extDB: DB_CUSTOM_V5: Error StatementException: MySQL: [MySQL]: [Comment]: mysql_stmt_prepare error	[mysql_stmt_error]: Table 'arma3life.wanted' doesn't exist	[mysql_stmt_errno]: 1146	[mysql_stmt_sqlstate]: 42S02	[statemnt]: SELECT wantedID, wantedCrimes FROM wanted WHERE wantedID=?;
[23:42:11 --4:00] [Thread 2304375060] extDB: DB_CUSTOM_V5: Error Exception: SQL: wantedGetCrimes:76561198113994834
[23:42:11 --4:00] [Thread 2304375060] extDB: DB_CUSTOM_V5: Error StatementException: MySQL: [MySQL]: [Comment]: mysql_stmt_prepare error	[mysql_stmt_error]: Table 'arma3life.wanted' doesn't exist	[mysql_stmt_errno]: 1146	[mysql_stmt_sqlstate]: 42S02	[statemnt]: INSERT INTO wanted (wantedID, wantedName, wantedCrimes, wantedBounty, active) VALUES(?,?,?,?,?);
[23:42:11 --4:00] [Thread 2304375060] extDB: DB_CUSTOM_V5: Error Exception: SQL: wantedInsertCrimes:76561198113994834:[df]Valiant:["187"]:20000:1
[23:42:17 --4:00] [Thread 3452701528] extDB: DB_CUSTOM_V5: Error StatementException: MySQL: [MySQL]: [Comment]: mysql_stmt_prepare error	[mysql_stmt_error]: Table 'arma3life.wanted' doesn't exist	[mysql_stmt_errno]: 1146	[mysql_stmt_sqlstate]: 42S02	[statemnt]: UPDATE wanted SET active = 0, wantedCrimes = '[]', wantedBounty = 0 WHERE wantedID=?;
[23:42:17 --4:00] [Thread 3452701528] extDB: DB_CUSTOM_V5: Error Exception: SQL: wantedRemoveCrimes:76561198120651027
[23:51:23 --4:00] [Thread 2304375060] extDB: DB_CUSTOM_V5: Error StatementException: MySQL: [MySQL]: [Comment]: mysql_stmt_prepare error	[mysql_stmt_error]: Table 'arma3life.wanted' doesn't exist	[mysql_stmt_errno]: 1146	[mysql_stmt_sqlstate]: 42S02	[statemnt]: UPDATE wanted SET active = 0, wantedCrimes = '[]', wantedBounty = 0 WHERE wantedID=?;
[23:51:23 --4:00] [Thread 2304375060] extDB: DB_CUSTOM_V5: Error Exception: SQL: wantedRemoveCrimes:76561198042152135
[00:07:26 --4:00] [Thread 2304375060] extDB: DB_CUSTOM_V5: Error StatementException: MySQL: [MySQL]: [Comment]: mysql_stmt_execute error	[mysql_stmt_error]: The user specified as a definer ('arma3'@'localhost') does not exist	[mysql_stmt_errno]: 1449	[mysql_stmt_sqlstate]: HY000	[statemnt]: CALL resetLifeVehicles;
[00:07:26 --4:00] [Thread 2304375060] extDB: DB_CUSTOM_V5: Error Exception: SQL: resetLifeVehicles
[00:44:11 --4:00] [Thread 3452701528] extDB: DB_CUSTOM_V5: Error StatementException: MySQL: [MySQL]: [Comment]: mysql_stmt_prepare error	[mysql_stmt_error]: Table 'arma3life.wanted' doesn't exist	[mysql_stmt_errno]: 1146	[mysql_stmt_sqlstate]: 42S02	[statemnt]: SELECT wantedID, wantedName FROM wanted WHERE active='1' AND wantedID in (?);
[00:44:11 --4:00] [Thread 3452701528] extDB: DB_CUSTOM_V5: Error Exception: SQL: wantedFetchID:76561198113994834
[00:44:14 --4:00] [Thread 3452701528] extDB: DB_CUSTOM_V5: Error StatementException: MySQL: [MySQL]: [Comment]: mysql_stmt_prepare error	[mysql_stmt_error]: Table 'arma3life.wanted' doesn't exist	[mysql_stmt_errno]: 1146	[mysql_stmt_sqlstate]: 42S02	[statemnt]: SELECT wantedID, wantedName FROM wanted WHERE active='1' AND wantedID in (?);
[00:44:14 --4:00] [Thread 3452701528] extDB: DB_CUSTOM_V5: Error Exception: SQL: wantedFetchID:76561198113994834
[10:53:42 --4:00] [Thread 970694505] extDB: Stopping ...
