[12:49:34 --4:00] [Thread 567844620] extDB: Version: 35
[12:49:34 --4:00] [Thread 567844620] extDB: Windows Version
[12:49:34 --4:00] [Thread 567844620] Message: Arma Linux Servers are using Older Physic Library (than Windows Servers), due to Debian 7 using old version of Glibc
[12:49:34 --4:00] [Thread 567844620] Message: If you like extDB consider donating or bug BIS to drop support for Debian 7 thanks, so Linux Servers get same Physic Library Version as Windows
[12:49:34 --4:00] [Thread 567844620] Message: Note currently most/all development for extDB is done on a Linux Server
[12:49:34 --4:00] [Thread 567844620] Message: Torndeco: 24/01/15
[12:49:34 --4:00] [Thread 567844620] 
[12:49:34 --4:00] [Thread 567844620] extDB: Found extdb-conf.ini
[12:49:34 --4:00] [Thread 567844620] extDB: Detected 4 Cores, Setting up 4 Worker Threads
[12:49:34 --4:00] [Thread 567844620] extDB: Database Type: MySQL
[12:49:34 --4:00] [Thread 567844620] extDB: Database Session Pool Started
[12:49:34 --4:00] [Thread 567844620] extDB: DB_CUSTOM_V5: Loading Template Filename: C:\Users\Dell i5\Desktop\Drunken Life Server\@extDB\extDB\db_custom\altis-life-rpg-4.ini
[12:49:35 --4:00] [Thread 1296885988] extDB: DB_CUSTOM_V5: Error StatementException: MySQL: [MySQL]: [Comment]: mysql_stmt_execute error	[mysql_stmt_error]: The user specified as a definer ('arma3'@'localhost') does not exist	[mysql_stmt_errno]: 1449	[mysql_stmt_sqlstate]: HY000	[statemnt]: CALL resetLifeVehicles;
[12:49:35 --4:00] [Thread 1296885988] extDB: DB_CUSTOM_V5: Error Exception: SQL: resetLifeVehicles
[12:52:16 --4:00] [Thread 2878906358] extDB: DB_CUSTOM_V5: Error StatementException: MySQL: [MySQL]: [Comment]: mysql_stmt_prepare error	[mysql_stmt_error]: Table 'arma3life.wanted' doesn't exist	[mysql_stmt_errno]: 1146	[mysql_stmt_sqlstate]: 42S02	[statemnt]: UPDATE wanted SET active = 0, wantedCrimes = '[]', wantedBounty = 0 WHERE wantedID=?;
[12:52:16 --4:00] [Thread 2878906358] extDB: DB_CUSTOM_V5: Error Exception: SQL: wantedRemoveCrimes:76561198113994834
[12:54:27 --4:00] [Thread 641585632] extDB: DB_CUSTOM_V5: Error StatementException: MySQL: [MySQL]: [Comment]: mysql_stmt_prepare error	[mysql_stmt_error]: Table 'arma3life.wanted' doesn't exist	[mysql_stmt_errno]: 1146	[mysql_stmt_sqlstate]: 42S02	[statemnt]: UPDATE wanted SET active = 0, wantedCrimes = '[]', wantedBounty = 0 WHERE wantedID=?;
[12:54:27 --4:00] [Thread 641585632] extDB: DB_CUSTOM_V5: Error Exception: SQL: wantedRemoveCrimes:76561198042152135
[12:55:06 --4:00] [Thread 2878906358] extDB: DB_CUSTOM_V5: Error StatementException: MySQL: [MySQL]: [Comment]: mysql_stmt_prepare error	[mysql_stmt_error]: Table 'arma3life.wanted' doesn't exist	[mysql_stmt_errno]: 1146	[mysql_stmt_sqlstate]: 42S02	[statemnt]: UPDATE wanted SET active = 0, wantedCrimes = '[]', wantedBounty = 0 WHERE wantedID=?;
[12:55:06 --4:00] [Thread 2878906358] extDB: DB_CUSTOM_V5: Error Exception: SQL: wantedRemoveCrimes:76561198042152135
[12:56:14 --4:00] [Thread 2878906358] extDB: DB_CUSTOM_V5: Error StatementException: MySQL: [MySQL]: [Comment]: mysql_stmt_prepare error	[mysql_stmt_error]: Table 'arma3life.wanted' doesn't exist	[mysql_stmt_errno]: 1146	[mysql_stmt_sqlstate]: 42S02	[statemnt]: UPDATE wanted SET active = 0, wantedCrimes = '[]', wantedBounty = 0 WHERE wantedID=?;
[12:56:14 --4:00] [Thread 2878906358] extDB: DB_CUSTOM_V5: Error Exception: SQL: wantedRemoveCrimes:76561198042152135
[13:02:29 --4:00] [Thread 641585632] extDB: DB_CUSTOM_V5: Error StatementException: MySQL: [MySQL]: [Comment]: mysql_stmt_prepare error	[mysql_stmt_error]: Table 'arma3life.wanted' doesn't exist	[mysql_stmt_errno]: 1146	[mysql_stmt_sqlstate]: 42S02	[statemnt]: UPDATE wanted SET active = 0, wantedCrimes = '[]', wantedBounty = 0 WHERE wantedID=?;
[13:02:29 --4:00] [Thread 641585632] extDB: DB_CUSTOM_V5: Error Exception: SQL: wantedRemoveCrimes:76561198042152135
[13:04:18 --4:00] [Thread 2878906358] extDB: DB_CUSTOM_V5: Error StatementException: MySQL: [MySQL]: [Comment]: mysql_stmt_prepare error	[mysql_stmt_error]: Table 'arma3life.wanted' doesn't exist	[mysql_stmt_errno]: 1146	[mysql_stmt_sqlstate]: 42S02	[statemnt]: UPDATE wanted SET active = 0, wantedCrimes = '[]', wantedBounty = 0 WHERE wantedID=?;
[13:04:18 --4:00] [Thread 2878906358] extDB: DB_CUSTOM_V5: Error Exception: SQL: wantedRemoveCrimes:76561198042152135
[13:05:51 --4:00] [Thread 641585632] extDB: DB_CUSTOM_V5: Error StatementException: MySQL: [MySQL]: [Comment]: mysql_stmt_prepare error	[mysql_stmt_error]: Table 'arma3life.wanted' doesn't exist	[mysql_stmt_errno]: 1146	[mysql_stmt_sqlstate]: 42S02	[statemnt]: UPDATE wanted SET active = 0, wantedCrimes = '[]', wantedBounty = 0 WHERE wantedID=?;
[13:05:51 --4:00] [Thread 641585632] extDB: DB_CUSTOM_V5: Error Exception: SQL: wantedRemoveCrimes:76561198042152135
[13:11:09 --4:00] [Thread 641585632] extDB: DB_CUSTOM_V5: Error StatementException: MySQL: [MySQL]: [Comment]: mysql_stmt_prepare error	[mysql_stmt_error]: Table 'arma3life.wanted' doesn't exist	[mysql_stmt_errno]: 1146	[mysql_stmt_sqlstate]: 42S02	[statemnt]: UPDATE wanted SET active = 0, wantedCrimes = '[]', wantedBounty = 0 WHERE wantedID=?;
[13:11:09 --4:00] [Thread 641585632] extDB: DB_CUSTOM_V5: Error Exception: SQL: wantedRemoveCrimes:76561198042152135
[13:27:16 --4:00] [Thread 567844620] extDB: Stopping ...
