[17:27:49 --4:00] [Thread 415213523] extDB: Version: 35
[17:27:49 --4:00] [Thread 415213523] extDB: Windows Version
[17:27:49 --4:00] [Thread 415213523] Message: Arma Linux Servers are using Older Physic Library (than Windows Servers), due to Debian 7 using old version of Glibc
[17:27:49 --4:00] [Thread 415213523] Message: If you like extDB consider donating or bug BIS to drop support for Debian 7 thanks, so Linux Servers get same Physic Library Version as Windows
[17:27:49 --4:00] [Thread 415213523] Message: Note currently most/all development for extDB is done on a Linux Server
[17:27:49 --4:00] [Thread 415213523] Message: Torndeco: 24/01/15
[17:27:49 --4:00] [Thread 415213523] 
[17:27:49 --4:00] [Thread 415213523] extDB: Found extdb-conf.ini
[17:27:49 --4:00] [Thread 415213523] extDB: Detected 4 Cores, Setting up 4 Worker Threads
[17:27:49 --4:00] [Thread 415213523] extDB: Database Type: MySQL
[17:27:49 --4:00] [Thread 415213523] extDB: Database Session Pool Started
[17:27:49 --4:00] [Thread 415213523] extDB: DB_CUSTOM_V5: Loading Template Filename: C:\Users\Dell i5\Desktop\Drunken Life Server\@extDB\extDB\db_custom\altis-life-rpg-4.ini
[17:27:49 --4:00] [Thread 2153975646] extDB: DB_CUSTOM_V5: Error StatementException: MySQL: [MySQL]: [Comment]: mysql_stmt_execute error	[mysql_stmt_error]: The user specified as a definer ('arma3'@'localhost') does not exist	[mysql_stmt_errno]: 1449	[mysql_stmt_sqlstate]: HY000	[statemnt]: CALL resetLifeVehicles;
[17:27:49 --4:00] [Thread 2153975646] extDB: DB_CUSTOM_V5: Error Exception: SQL: resetLifeVehicles
[17:29:33 --4:00] [Thread 779505638] extDB: DB_CUSTOM_V5: Error StatementException: MySQL: [MySQL]: [Comment]: mysql_stmt_prepare error	[mysql_stmt_error]: Table 'arma3life.wanted' doesn't exist	[mysql_stmt_errno]: 1146	[mysql_stmt_sqlstate]: 42S02	[statemnt]: SELECT wantedID, wantedCrimes FROM wanted WHERE wantedID=?;
[17:29:33 --4:00] [Thread 779505638] extDB: DB_CUSTOM_V5: Error Exception: SQL: wantedGetCrimes:76561198113994834
[17:29:33 --4:00] [Thread 779505638] extDB: DB_CUSTOM_V5: Error StatementException: MySQL: [MySQL]: [Comment]: mysql_stmt_prepare error	[mysql_stmt_error]: Table 'arma3life.wanted' doesn't exist	[mysql_stmt_errno]: 1146	[mysql_stmt_sqlstate]: 42S02	[statemnt]: INSERT INTO wanted (wantedID, wantedName, wantedCrimes, wantedBounty, active) VALUES(?,?,?,?,?);
[17:29:33 --4:00] [Thread 779505638] extDB: DB_CUSTOM_V5: Error Exception: SQL: wantedInsertCrimes:76561198113994834:[df]Valiant:["187"]:20000:1
[17:29:43 --4:00] [Thread 3354075420] extDB: DB_CUSTOM_V5: Error StatementException: MySQL: [MySQL]: [Comment]: mysql_stmt_prepare error	[mysql_stmt_error]: Table 'arma3life.wanted' doesn't exist	[mysql_stmt_errno]: 1146	[mysql_stmt_sqlstate]: 42S02	[statemnt]: UPDATE wanted SET active = 0, wantedCrimes = '[]', wantedBounty = 0 WHERE wantedID=?;
[17:29:43 --4:00] [Thread 3354075420] extDB: DB_CUSTOM_V5: Error Exception: SQL: wantedRemoveCrimes:76561198040225987
[17:31:07 --4:00] [Thread 779505638] extDB: DB_CUSTOM_V5: Error StatementException: MySQL: [MySQL]: [Comment]: mysql_stmt_prepare error	[mysql_stmt_error]: Table 'arma3life.wanted' doesn't exist	[mysql_stmt_errno]: 1146	[mysql_stmt_sqlstate]: 42S02	[statemnt]: UPDATE wanted SET active = 0, wantedCrimes = '[]', wantedBounty = 0 WHERE wantedID=?;
[17:31:07 --4:00] [Thread 779505638] extDB: DB_CUSTOM_V5: Error Exception: SQL: wantedRemoveCrimes:76561198040225987
[17:34:10 --4:00] [Thread 779505638] extDB: DB_CUSTOM_V5: Error StatementException: MySQL: [MySQL]: [Comment]: mysql_stmt_prepare error	[mysql_stmt_error]: Table 'arma3life.wanted' doesn't exist	[mysql_stmt_errno]: 1146	[mysql_stmt_sqlstate]: 42S02	[statemnt]: UPDATE wanted SET active = 0, wantedCrimes = '[]', wantedBounty = 0 WHERE wantedID=?;
[17:34:10 --4:00] [Thread 779505638] extDB: DB_CUSTOM_V5: Error Exception: SQL: wantedRemoveCrimes:76561198040225987
[17:37:22 --4:00] [Thread 415213523] extDB: Stopping ...
