[12:54:54 --4:00] [Thread 3710529641] extDB: Version: 35
[12:54:54 --4:00] [Thread 3710529641] extDB: Windows Version
[12:54:54 --4:00] [Thread 3710529641] Message: Arma Linux Servers are using Older Physic Library (than Windows Servers), due to Debian 7 using old version of Glibc
[12:54:54 --4:00] [Thread 3710529641] Message: If you like extDB consider donating or bug BIS to drop support for Debian 7 thanks, so Linux Servers get same Physic Library Version as Windows
[12:54:54 --4:00] [Thread 3710529641] Message: Note currently most/all development for extDB is done on a Linux Server
[12:54:54 --4:00] [Thread 3710529641] Message: Torndeco: 24/01/15
[12:54:54 --4:00] [Thread 3710529641] 
[12:54:54 --4:00] [Thread 3710529641] extDB: Found extdb-conf.ini
[12:54:54 --4:00] [Thread 3710529641] extDB: Detected 4 Cores, Setting up 4 Worker Threads
[12:54:54 --4:00] [Thread 3710529641] extDB: Database Type: MySQL
[12:54:54 --4:00] [Thread 3710529641] extDB: Database Session Pool Started
[12:54:54 --4:00] [Thread 3710529641] extDB: DB_CUSTOM_V5: Loading Template Filename: C:\Users\Dell i5\Desktop\Drunken Life Server\@extDB\extDB\db_custom\altis-life-rpg-4.ini
[12:54:55 --4:00] [Thread 1464685314] extDB: DB_CUSTOM_V5: Error StatementException: MySQL: [MySQL]: [Comment]: mysql_stmt_execute error	[mysql_stmt_error]: The user specified as a definer ('arma3'@'localhost') does not exist	[mysql_stmt_errno]: 1449	[mysql_stmt_sqlstate]: HY000	[statemnt]: CALL resetLifeVehicles;
[12:54:55 --4:00] [Thread 1464685314] extDB: DB_CUSTOM_V5: Error Exception: SQL: resetLifeVehicles
[12:55:33 --4:00] [Thread 1063485833] extDB: DB_CUSTOM_V5: Error StatementException: MySQL: [MySQL]: [Comment]: mysql_stmt_prepare error	[mysql_stmt_error]: Table 'arma3life.wanted' doesn't exist	[mysql_stmt_errno]: 1146	[mysql_stmt_sqlstate]: 42S02	[statemnt]: SELECT wantedID, wantedName FROM wanted WHERE active='1' AND wantedID in (?);
[12:55:33 --4:00] [Thread 1063485833] extDB: DB_CUSTOM_V5: Error Exception: SQL: wantedFetchID:
[12:55:45 --4:00] [Thread 1063485833] extDB: DB_CUSTOM_V5: Error StatementException: MySQL: [MySQL]: [Comment]: mysql_stmt_execute error	[mysql_stmt_error]: Out of range value for column 'bankacc' at row 1	[mysql_stmt_errno]: 1264	[mysql_stmt_sqlstate]: 22003	[statemnt]: UPDATE players SET name=?, cash=?, bankacc=?, cop_gear=?, cop_licenses=? WHERE playerid=?
[12:55:45 --4:00] [Thread 1063485833] extDB: DB_CUSTOM_V5: Error Exception: SQL: playerWestUpdate:[df]Valiant:0:2147483648:["U_Rangemaster","V_Rangemaster_belt","","","",["ItemMap","ItemCompass","ItemWatch","ItemGPS"],"","hgun_P07_snds_F",[],["16Rnd_9x21_Mag","16Rnd_9x21_Mag"],[],[],[],["16Rnd_9x21_Mag","16Rnd_9x21_Mag","16Rnd_9x21_Mag","16Rnd_9x21_Mag"],["","","",""],["muzzle_snds_L","","",""],[]]:[["license_cop_cAir",0],["license_cop_cg",0]]:76561198113994834
[12:58:29 --4:00] [Thread 1063485833] extDB: DB_CUSTOM_V5: Error StatementException: MySQL: [MySQL]: [Comment]: mysql_stmt_prepare error	[mysql_stmt_error]: Table 'arma3life.wanted' doesn't exist	[mysql_stmt_errno]: 1146	[mysql_stmt_sqlstate]: 42S02	[statemnt]: SELECT wantedID, wantedName FROM wanted WHERE active='1' AND wantedID in (?);
[12:58:29 --4:00] [Thread 1063485833] extDB: DB_CUSTOM_V5: Error Exception: SQL: wantedFetchID:
[13:01:10 --4:00] [Thread 3710529641] extDB: Stopping ...
