[21:53:47 --4:00] [Thread 3894919031] extDB: Version: 35
[21:53:47 --4:00] [Thread 3894919031] extDB: Windows Version
[21:53:47 --4:00] [Thread 3894919031] Message: Arma Linux Servers are using Older Physic Library (than Windows Servers), due to Debian 7 using old version of Glibc
[21:53:47 --4:00] [Thread 3894919031] Message: If you like extDB consider donating or bug BIS to drop support for Debian 7 thanks, so Linux Servers get same Physic Library Version as Windows
[21:53:47 --4:00] [Thread 3894919031] Message: Note currently most/all development for extDB is done on a Linux Server
[21:53:47 --4:00] [Thread 3894919031] Message: Torndeco: 24/01/15
[21:53:47 --4:00] [Thread 3894919031] 
[21:53:47 --4:00] [Thread 3894919031] extDB: Found extdb-conf.ini
[21:53:47 --4:00] [Thread 3894919031] extDB: Detected 4 Cores, Setting up 4 Worker Threads
[21:53:47 --4:00] [Thread 3894919031] extDB: Database Type: MySQL
[21:53:47 --4:00] [Thread 3894919031] extDB: Database Session Pool Started
[21:53:47 --4:00] [Thread 3894919031] extDB: DB_CUSTOM_V5: Loading Template Filename: C:\Users\Dell i5\Desktop\Drunken Life Server\@extDB\extDB\db_custom\altis-life-rpg-4.ini
[21:53:48 --4:00] [Thread 3807505345] extDB: DB_CUSTOM_V5: Error StatementException: MySQL: [MySQL]: [Comment]: mysql_stmt_execute error	[mysql_stmt_error]: The user specified as a definer ('arma3'@'localhost') does not exist	[mysql_stmt_errno]: 1449	[mysql_stmt_sqlstate]: HY000	[statemnt]: CALL resetLifeVehicles;
[21:53:48 --4:00] [Thread 3807505345] extDB: DB_CUSTOM_V5: Error Exception: SQL: resetLifeVehicles
[21:56:12 --4:00] [Thread 3496179802] extDB: DB_CUSTOM_V5: Error StatementException: MySQL: [MySQL]: [Comment]: mysql_stmt_prepare error	[mysql_stmt_error]: Table 'arma3life.wanted' doesn't exist	[mysql_stmt_errno]: 1146	[mysql_stmt_sqlstate]: 42S02	[statemnt]: SELECT wantedID, wantedCrimes FROM wanted WHERE wantedID=?;
[21:56:12 --4:00] [Thread 3496179802] extDB: DB_CUSTOM_V5: Error Exception: SQL: wantedGetCrimes:76561198113994834
[21:56:12 --4:00] [Thread 3496179802] extDB: DB_CUSTOM_V5: Error StatementException: MySQL: [MySQL]: [Comment]: mysql_stmt_prepare error	[mysql_stmt_error]: Table 'arma3life.wanted' doesn't exist	[mysql_stmt_errno]: 1146	[mysql_stmt_sqlstate]: 42S02	[statemnt]: INSERT INTO wanted (wantedID, wantedName, wantedCrimes, wantedBounty, active) VALUES(?,?,?,?,?);
[21:56:12 --4:00] [Thread 3496179802] extDB: DB_CUSTOM_V5: Error Exception: SQL: wantedInsertCrimes:76561198113994834:[df]Valiant:["211"]:1000:1
[21:57:50 --4:00] [Thread 3496179802] extDB: DB_CUSTOM_V5: Error StatementException: MySQL: [MySQL]: [Comment]: mysql_stmt_prepare error	[mysql_stmt_error]: Table 'arma3life.wanted' doesn't exist	[mysql_stmt_errno]: 1146	[mysql_stmt_sqlstate]: 42S02	[statemnt]: SELECT wantedID, wantedCrimes FROM wanted WHERE wantedID=?;
[21:57:50 --4:00] [Thread 3496179802] extDB: DB_CUSTOM_V5: Error Exception: SQL: wantedGetCrimes:76561198040225987
[21:57:50 --4:00] [Thread 3496179802] extDB: DB_CUSTOM_V5: Error StatementException: MySQL: [MySQL]: [Comment]: mysql_stmt_prepare error	[mysql_stmt_error]: Table 'arma3life.wanted' doesn't exist	[mysql_stmt_errno]: 1146	[mysql_stmt_sqlstate]: 42S02	[statemnt]: INSERT INTO wanted (wantedID, wantedName, wantedCrimes, wantedBounty, active) VALUES(?,?,?,?,?);
[21:57:50 --4:00] [Thread 3496179802] extDB: DB_CUSTOM_V5: Error Exception: SQL: wantedInsertCrimes:76561198040225987:[df]Index:["187"]:20000:1
[21:57:56 --4:00] [Thread 177628992] extDB: DB_CUSTOM_V5: Error StatementException: MySQL: [MySQL]: [Comment]: mysql_stmt_prepare error	[mysql_stmt_error]: Table 'arma3life.wanted' doesn't exist	[mysql_stmt_errno]: 1146	[mysql_stmt_sqlstate]: 42S02	[statemnt]: UPDATE wanted SET active = 0, wantedCrimes = '[]', wantedBounty = 0 WHERE wantedID=?;
[21:57:56 --4:00] [Thread 177628992] extDB: DB_CUSTOM_V5: Error Exception: SQL: wantedRemoveCrimes:76561198120651027
[22:02:44 --4:00] [Thread 3894919031] extDB: Stopping ...
