[02:03:01 --4:00] [Thread 3550870498] extDB: Version: 35
[02:03:01 --4:00] [Thread 3550870498] extDB: Windows Version
[02:03:01 --4:00] [Thread 3550870498] Message: Arma Linux Servers are using Older Physic Library (than Windows Servers), due to Debian 7 using old version of Glibc
[02:03:01 --4:00] [Thread 3550870498] Message: If you like extDB consider donating or bug BIS to drop support for Debian 7 thanks, so Linux Servers get same Physic Library Version as Windows
[02:03:01 --4:00] [Thread 3550870498] Message: Note currently most/all development for extDB is done on a Linux Server
[02:03:01 --4:00] [Thread 3550870498] Message: Torndeco: 24/01/15
[02:03:01 --4:00] [Thread 3550870498] 
[02:03:01 --4:00] [Thread 3550870498] extDB: Found extdb-conf.ini
[02:03:01 --4:00] [Thread 3550870498] extDB: Detected 4 Cores, Setting up 4 Worker Threads
[02:03:01 --4:00] [Thread 3550870498] extDB: Database Type: MySQL
[02:03:01 --4:00] [Thread 3550870498] extDB: Database Session Pool Started
[02:03:01 --4:00] [Thread 3550870498] extDB: DB_CUSTOM_V5: Loading Template Filename: C:\Users\Dell i5\Desktop\Drunken Life Server\@extDB\extDB\db_custom\altis-life-rpg-4.ini
[02:03:01 --4:00] [Thread 2113186193] extDB: DB_CUSTOM_V5: Error StatementException: MySQL: [MySQL]: [Comment]: mysql_stmt_execute error	[mysql_stmt_error]: The user specified as a definer ('arma3'@'localhost') does not exist	[mysql_stmt_errno]: 1449	[mysql_stmt_sqlstate]: HY000	[statemnt]: CALL resetLifeVehicles;
[02:03:01 --4:00] [Thread 2113186193] extDB: DB_CUSTOM_V5: Error Exception: SQL: resetLifeVehicles
[02:07:43 --4:00] [Thread 305832131] extDB: DB_CUSTOM_V5: Error StatementException: MySQL: [MySQL]: [Comment]: mysql_stmt_prepare error	[mysql_stmt_error]: Table 'arma3life.wanted' doesn't exist	[mysql_stmt_errno]: 1146	[mysql_stmt_sqlstate]: 42S02	[statemnt]: SELECT wantedID, wantedName, wantedBounty FROM wanted WHERE wantedID=? AND active='1';
[02:07:43 --4:00] [Thread 305832131] extDB: DB_CUSTOM_V5: Error Exception: SQL: wantedFetchPerson:
[02:08:04 --4:00] [Thread 305832131] extDB: DB_CUSTOM_V5: Error StatementException: MySQL: [MySQL]: [Comment]: mysql_stmt_prepare error	[mysql_stmt_error]: Table 'arma3life.wanted' doesn't exist	[mysql_stmt_errno]: 1146	[mysql_stmt_sqlstate]: 42S02	[statemnt]: SELECT wantedID, wantedCrimes FROM wanted WHERE wantedID=?;
[02:08:04 --4:00] [Thread 305832131] extDB: DB_CUSTOM_V5: Error Exception: SQL: wantedGetCrimes:76561198113994834
[02:08:04 --4:00] [Thread 305832131] extDB: DB_CUSTOM_V5: Error StatementException: MySQL: [MySQL]: [Comment]: mysql_stmt_prepare error	[mysql_stmt_error]: Table 'arma3life.wanted' doesn't exist	[mysql_stmt_errno]: 1146	[mysql_stmt_sqlstate]: 42S02	[statemnt]: INSERT INTO wanted (wantedID, wantedName, wantedCrimes, wantedBounty, active) VALUES(?,?,?,?,?);
[02:08:04 --4:00] [Thread 305832131] extDB: DB_CUSTOM_V5: Error Exception: SQL: wantedInsertCrimes:76561198113994834:[df]Valiant:["901"]:4500:1
[02:08:22 --4:00] [Thread 305832131] extDB: DB_CUSTOM_V5: Error StatementException: MySQL: [MySQL]: [Comment]: mysql_stmt_prepare error	[mysql_stmt_error]: Table 'arma3life.wanted' doesn't exist	[mysql_stmt_errno]: 1146	[mysql_stmt_sqlstate]: 42S02	[statemnt]: SELECT wantedID, wantedName FROM wanted WHERE active='1' AND wantedID in (?);
[02:08:22 --4:00] [Thread 305832131] extDB: DB_CUSTOM_V5: Error Exception: SQL: wantedFetchID:76561198113994834
[02:14:37 --4:00] [Thread 2126858867] extDB: DB_CUSTOM_V5: Error StatementException: MySQL: [MySQL]: [Comment]: mysql_stmt_prepare error	[mysql_stmt_error]: Table 'arma3life.wanted' doesn't exist	[mysql_stmt_errno]: 1146	[mysql_stmt_sqlstate]: 42S02	[statemnt]: UPDATE wanted SET active = 0, wantedCrimes = '[]', wantedBounty = 0 WHERE wantedID=?;
[02:14:37 --4:00] [Thread 2126858867] extDB: DB_CUSTOM_V5: Error Exception: SQL: wantedRemoveCrimes:76561198113994834
[02:14:59 --4:00] [Thread 305832131] extDB: DB_CUSTOM_V5: Error StatementException: MySQL: [MySQL]: [Comment]: mysql_stmt_prepare error	[mysql_stmt_error]: Table 'arma3life.wanted' doesn't exist	[mysql_stmt_errno]: 1146	[mysql_stmt_sqlstate]: 42S02	[statemnt]: UPDATE wanted SET active = 0, wantedCrimes = '[]', wantedBounty = 0 WHERE wantedID=?;
[02:14:59 --4:00] [Thread 305832131] extDB: DB_CUSTOM_V5: Error Exception: SQL: wantedRemoveCrimes:76561198113994834
[02:24:51 --4:00] [Thread 3550870498] extDB: Stopping ...
