[05:39:52 --4:00] [Thread 1593345591] extDB: Version: 35
[05:39:52 --4:00] [Thread 1593345591] extDB: Windows Version
[05:39:52 --4:00] [Thread 1593345591] Message: Arma Linux Servers are using Older Physic Library (than Windows Servers), due to Debian 7 using old version of Glibc
[05:39:52 --4:00] [Thread 1593345591] Message: If you like extDB consider donating or bug BIS to drop support for Debian 7 thanks, so Linux Servers get same Physic Library Version as Windows
[05:39:52 --4:00] [Thread 1593345591] Message: Note currently most/all development for extDB is done on a Linux Server
[05:39:52 --4:00] [Thread 1593345591] Message: Torndeco: 24/01/15
[05:39:52 --4:00] [Thread 1593345591] 
[05:39:52 --4:00] [Thread 1593345591] extDB: Found extdb-conf.ini
[05:39:52 --4:00] [Thread 1593345591] extDB: Detected 4 Cores, Setting up 4 Worker Threads
[05:39:52 --4:00] [Thread 1593345591] extDB: Database Type: MySQL
[05:39:52 --4:00] [Thread 1593345591] extDB: Database Session Pool Started
[05:39:52 --4:00] [Thread 1593345591] extDB: DB_CUSTOM_V5: Loading Template Filename: C:\Users\Dell i5\Desktop\Drunken Life Server\@extDB\extDB\db_custom\altis-life-rpg-4.ini
[05:39:52 --4:00] [Thread 3083996468] extDB: DB_CUSTOM_V5: Error StatementException: MySQL: [MySQL]: [Comment]: mysql_stmt_execute error	[mysql_stmt_error]: The user specified as a definer ('arma3'@'localhost') does not exist	[mysql_stmt_errno]: 1449	[mysql_stmt_sqlstate]: HY000	[statemnt]: CALL resetLifeVehicles;
[05:39:52 --4:00] [Thread 3083996468] extDB: DB_CUSTOM_V5: Error Exception: SQL: resetLifeVehicles
[05:46:40 --4:00] [Thread 4005493689] extDB: DB_CUSTOM_V5: Error StatementException: MySQL: [MySQL]: [Comment]: mysql_stmt_prepare error	[mysql_stmt_error]: Table 'arma3life.wanted' doesn't exist	[mysql_stmt_errno]: 1146	[mysql_stmt_sqlstate]: 42S02	[statemnt]: SELECT wantedID, wantedCrimes FROM wanted WHERE wantedID=?;
[05:46:40 --4:00] [Thread 4005493689] extDB: DB_CUSTOM_V5: Error Exception: SQL: wantedGetCrimes:76561197979809411
[05:46:40 --4:00] [Thread 4005493689] extDB: DB_CUSTOM_V5: Error StatementException: MySQL: [MySQL]: [Comment]: mysql_stmt_prepare error	[mysql_stmt_error]: Table 'arma3life.wanted' doesn't exist	[mysql_stmt_errno]: 1146	[mysql_stmt_sqlstate]: 42S02	[statemnt]: INSERT INTO wanted (wantedID, wantedName, wantedCrimes, wantedBounty, active) VALUES(?,?,?,?,?);
[05:46:40 --4:00] [Thread 4005493689] extDB: DB_CUSTOM_V5: Error Exception: SQL: wantedInsertCrimes:76561197979809411:[df]Ohmslaw:["211"]:1000:1
[06:01:28 --4:00] [Thread 4005493689] extDB: DB_CUSTOM_V5: Error StatementException: MySQL: [MySQL]: [Comment]: mysql_stmt_prepare error	[mysql_stmt_error]: Table 'arma3life.wanted' doesn't exist	[mysql_stmt_errno]: 1146	[mysql_stmt_sqlstate]: 42S02	[statemnt]: SELECT wantedID, wantedCrimes FROM wanted WHERE wantedID=?;
[06:01:28 --4:00] [Thread 4005493689] extDB: DB_CUSTOM_V5: Error Exception: SQL: wantedGetCrimes:76561197979809411
[06:01:28 --4:00] [Thread 4005493689] extDB: DB_CUSTOM_V5: Error StatementException: MySQL: [MySQL]: [Comment]: mysql_stmt_prepare error	[mysql_stmt_error]: Table 'arma3life.wanted' doesn't exist	[mysql_stmt_errno]: 1146	[mysql_stmt_sqlstate]: 42S02	[statemnt]: INSERT INTO wanted (wantedID, wantedName, wantedCrimes, wantedBounty, active) VALUES(?,?,?,?,?);
[06:01:28 --4:00] [Thread 4005493689] extDB: DB_CUSTOM_V5: Error Exception: SQL: wantedInsertCrimes:76561197979809411:[df]Ohmslaw:["211"]:1000:1
[12:09:05 --4:00] [Thread 1593345591] extDB: Stopping ...
