[15:01:01 --4:00] [Thread 2378344641] extDB: Version: 35
[15:01:01 --4:00] [Thread 2378344641] extDB: Windows Version
[15:01:01 --4:00] [Thread 2378344641] Message: Arma Linux Servers are using Older Physic Library (than Windows Servers), due to Debian 7 using old version of Glibc
[15:01:01 --4:00] [Thread 2378344641] Message: If you like extDB consider donating or bug BIS to drop support for Debian 7 thanks, so Linux Servers get same Physic Library Version as Windows
[15:01:01 --4:00] [Thread 2378344641] Message: Note currently most/all development for extDB is done on a Linux Server
[15:01:01 --4:00] [Thread 2378344641] Message: Torndeco: 24/01/15
[15:01:01 --4:00] [Thread 2378344641] 
[15:01:01 --4:00] [Thread 2378344641] extDB: Found extdb-conf.ini
[15:01:01 --4:00] [Thread 2378344641] extDB: Detected 4 Cores, Setting up 4 Worker Threads
[15:01:01 --4:00] [Thread 2378344641] extDB: Database Type: MySQL
[15:01:03 --4:00] [Thread 2378344641] extDB: Database Session Pool Started
[15:01:03 --4:00] [Thread 2378344641] extDB: DB_CUSTOM_V5: Loading Template Filename: C:\Users\Dell i5\Desktop\Drunken Life Server\@extDB\extDB\db_custom\altis-life-rpg-4.ini
[15:01:03 --4:00] [Thread 4043594321] extDB: DB_CUSTOM_V5: Error StatementException: MySQL: [MySQL]: [Comment]: mysql_stmt_execute error	[mysql_stmt_error]: The user specified as a definer ('arma3'@'localhost') does not exist	[mysql_stmt_errno]: 1449	[mysql_stmt_sqlstate]: HY000	[statemnt]: CALL resetLifeVehicles;
[15:01:03 --4:00] [Thread 4043594321] extDB: DB_CUSTOM_V5: Error Exception: SQL: resetLifeVehicles
[15:10:36 --4:00] [Thread 4043594321] extDB: DB_CUSTOM_V5: Error StatementException: MySQL: [MySQL]: [Comment]: mysql_stmt_prepare error	[mysql_stmt_error]: Table 'arma3life.wanted' doesn't exist	[mysql_stmt_errno]: 1146	[mysql_stmt_sqlstate]: 42S02	[statemnt]: SELECT wantedID, wantedName, wantedBounty FROM wanted WHERE wantedID=? AND active='1';
[15:10:36 --4:00] [Thread 4043594321] extDB: DB_CUSTOM_V5: Error Exception: SQL: wantedFetchPerson:
[15:10:52 --4:00] [Thread 4043594321] extDB: DB_CUSTOM_V5: Error StatementException: MySQL: [MySQL]: [Comment]: mysql_stmt_prepare error	[mysql_stmt_error]: Table 'arma3life.wanted' doesn't exist	[mysql_stmt_errno]: 1146	[mysql_stmt_sqlstate]: 42S02	[statemnt]: SELECT wantedID, wantedCrimes FROM wanted WHERE wantedID=?;
[15:10:52 --4:00] [Thread 4043594321] extDB: DB_CUSTOM_V5: Error Exception: SQL: wantedGetCrimes:76561198040225987
[15:10:52 --4:00] [Thread 4043594321] extDB: DB_CUSTOM_V5: Error StatementException: MySQL: [MySQL]: [Comment]: mysql_stmt_prepare error	[mysql_stmt_error]: Table 'arma3life.wanted' doesn't exist	[mysql_stmt_errno]: 1146	[mysql_stmt_sqlstate]: 42S02	[statemnt]: INSERT INTO wanted (wantedID, wantedName, wantedCrimes, wantedBounty, active) VALUES(?,?,?,?,?);
[15:10:52 --4:00] [Thread 4043594321] extDB: DB_CUSTOM_V5: Error Exception: SQL: wantedInsertCrimes:76561198040225987:[df]Index:["901"]:4500:1
[15:10:58 --4:00] [Thread 4043594321] extDB: DB_CUSTOM_V5: Error StatementException: MySQL: [MySQL]: [Comment]: mysql_stmt_prepare error	[mysql_stmt_error]: Table 'arma3life.wanted' doesn't exist	[mysql_stmt_errno]: 1146	[mysql_stmt_sqlstate]: 42S02	[statemnt]: SELECT wantedID, wantedName FROM wanted WHERE active='1' AND wantedID in (?);
[15:10:58 --4:00] [Thread 4043594321] extDB: DB_CUSTOM_V5: Error Exception: SQL: wantedFetchID:76561198040225987
[15:13:38 --4:00] [Thread 2378344641] extDB: Stopping ...
