[16:19:23 --4:00] [Thread 2834234818] extDB: Version: 35
[16:19:23 --4:00] [Thread 2834234818] extDB: Windows Version
[16:19:23 --4:00] [Thread 2834234818] Message: Arma Linux Servers are using Older Physic Library (than Windows Servers), due to Debian 7 using old version of Glibc
[16:19:23 --4:00] [Thread 2834234818] Message: If you like extDB consider donating or bug BIS to drop support for Debian 7 thanks, so Linux Servers get same Physic Library Version as Windows
[16:19:23 --4:00] [Thread 2834234818] Message: Note currently most/all development for extDB is done on a Linux Server
[16:19:23 --4:00] [Thread 2834234818] Message: Torndeco: 24/01/15
[16:19:23 --4:00] [Thread 2834234818] 
[16:19:23 --4:00] [Thread 2834234818] extDB: Found extdb-conf.ini
[16:19:23 --4:00] [Thread 2834234818] extDB: Detected 4 Cores, Setting up 4 Worker Threads
[16:19:23 --4:00] [Thread 2834234818] extDB: Database Type: MySQL
[16:19:23 --4:00] [Thread 2834234818] extDB: Database Session Pool Started
[16:19:23 --4:00] [Thread 2834234818] extDB: DB_CUSTOM_V5: Loading Template Filename: C:\Users\Dell i5\Desktop\Drunken Life Server\@extDB\extDB\db_custom\altis-life-rpg-4.ini
[16:19:23 --4:00] [Thread 2722393174] extDB: DB_CUSTOM_V5: Error StatementException: MySQL: [MySQL]: [Comment]: mysql_stmt_execute error	[mysql_stmt_error]: The user specified as a definer ('arma3'@'localhost') does not exist	[mysql_stmt_errno]: 1449	[mysql_stmt_sqlstate]: HY000	[statemnt]: CALL resetLifeVehicles;
[16:19:23 --4:00] [Thread 2722393174] extDB: DB_CUSTOM_V5: Error Exception: SQL: resetLifeVehicles
[16:20:14 --4:00] [Thread 4005493689] extDB: DB_CUSTOM_V5: Error StatementException: MySQL: [MySQL]: [Comment]: mysql_stmt_execute error	[mysql_stmt_error]: The user specified as a definer ('arma3'@'localhost') does not exist	[mysql_stmt_errno]: 1449	[mysql_stmt_sqlstate]: HY000	[statemnt]: CALL resetLifeVehicles;
[16:20:14 --4:00] [Thread 4005493689] extDB: DB_CUSTOM_V5: Error Exception: SQL: resetLifeVehicles
[16:20:57 --4:00] [Thread 4005493689] extDB: DB_CUSTOM_V5: Error StatementException: MySQL: [MySQL]: [Comment]: mysql_stmt_execute error	[mysql_stmt_error]: The user specified as a definer ('arma3'@'localhost') does not exist	[mysql_stmt_errno]: 1449	[mysql_stmt_sqlstate]: HY000	[statemnt]: CALL resetLifeVehicles;
[16:20:57 --4:00] [Thread 4005493689] extDB: DB_CUSTOM_V5: Error Exception: SQL: resetLifeVehicles
[16:23:01 --4:00] [Thread 2722393174] extDB: DB_CUSTOM_V5: Error StatementException: MySQL: [MySQL]: [Comment]: mysql_stmt_prepare error	[mysql_stmt_error]: Table 'arma3life.wanted' doesn't exist	[mysql_stmt_errno]: 1146	[mysql_stmt_sqlstate]: 42S02	[statemnt]: UPDATE wanted SET active = 0, wantedCrimes = '[]', wantedBounty = 0 WHERE wantedID=?;
[16:23:01 --4:00] [Thread 2722393174] extDB: DB_CUSTOM_V5: Error Exception: SQL: wantedRemoveCrimes:76561198040225987
[16:23:06 --4:00] [Thread 2722393174] extDB: DB_CUSTOM_V5: Error StatementException: MySQL: [MySQL]: [Comment]: mysql_stmt_prepare error	[mysql_stmt_error]: Table 'arma3life.wanted' doesn't exist	[mysql_stmt_errno]: 1146	[mysql_stmt_sqlstate]: 42S02	[statemnt]: UPDATE wanted SET active = 0, wantedCrimes = '[]', wantedBounty = 0 WHERE wantedID=?;
[16:23:06 --4:00] [Thread 2722393174] extDB: DB_CUSTOM_V5: Error Exception: SQL: wantedRemoveCrimes:76561198040225987
[16:23:45 --4:00] [Thread 2834234818] extDB: Stopping ...
