[16:51:31 --4:00] [Thread 4049200532] extDB: Version: 35
[16:51:31 --4:00] [Thread 4049200532] extDB: Windows Version
[16:51:31 --4:00] [Thread 4049200532] Message: Arma Linux Servers are using Older Physic Library (than Windows Servers), due to Debian 7 using old version of Glibc
[16:51:31 --4:00] [Thread 4049200532] Message: If you like extDB consider donating or bug BIS to drop support for Debian 7 thanks, so Linux Servers get same Physic Library Version as Windows
[16:51:31 --4:00] [Thread 4049200532] Message: Note currently most/all development for extDB is done on a Linux Server
[16:51:31 --4:00] [Thread 4049200532] Message: Torndeco: 24/01/15
[16:51:31 --4:00] [Thread 4049200532] 
[16:51:31 --4:00] [Thread 4049200532] extDB: Found extdb-conf.ini
[16:51:31 --4:00] [Thread 4049200532] extDB: Detected 4 Cores, Setting up 4 Worker Threads
[16:51:31 --4:00] [Thread 4049200532] extDB: Database Type: MySQL
[16:51:31 --4:00] [Thread 4049200532] extDB: Database Session Pool Started
[16:51:31 --4:00] [Thread 4049200532] extDB: DB_CUSTOM_V5: Loading Template Filename: C:\Users\Dell i5\Desktop\Drunken Life Server\@extDB\extDB\db_custom\altis-life-rpg-4.ini
[16:51:31 --4:00] [Thread 3545492856] extDB: DB_CUSTOM_V5: Error StatementException: MySQL: [MySQL]: [Comment]: mysql_stmt_execute error	[mysql_stmt_error]: The user specified as a definer ('arma3'@'localhost') does not exist	[mysql_stmt_errno]: 1449	[mysql_stmt_sqlstate]: HY000	[statemnt]: CALL resetLifeVehicles;
[16:51:31 --4:00] [Thread 3545492856] extDB: DB_CUSTOM_V5: Error Exception: SQL: resetLifeVehicles
[16:56:11 --4:00] [Thread 199139560] extDB: DB_CUSTOM_V5: Error StatementException: MySQL: [MySQL]: [Comment]: mysql_stmt_prepare error	[mysql_stmt_error]: Table 'arma3life.wanted' doesn't exist	[mysql_stmt_errno]: 1146	[mysql_stmt_sqlstate]: 42S02	[statemnt]: SELECT wantedID, wantedCrimes FROM wanted WHERE wantedID=?;
[16:56:11 --4:00] [Thread 199139560] extDB: DB_CUSTOM_V5: Error Exception: SQL: wantedGetCrimes:76561197979809411
[16:56:11 --4:00] [Thread 199139560] extDB: DB_CUSTOM_V5: Error StatementException: MySQL: [MySQL]: [Comment]: mysql_stmt_prepare error	[mysql_stmt_error]: Table 'arma3life.wanted' doesn't exist	[mysql_stmt_errno]: 1146	[mysql_stmt_sqlstate]: 42S02	[statemnt]: INSERT INTO wanted (wantedID, wantedName, wantedCrimes, wantedBounty, active) VALUES(?,?,?,?,?);
[16:56:11 --4:00] [Thread 199139560] extDB: DB_CUSTOM_V5: Error Exception: SQL: wantedInsertCrimes:76561197979809411:[df]Ohmslaw:["211"]:1000:1
[16:58:30 --4:00] [Thread 199139560] extDB: DB_CUSTOM_V5: Error StatementException: MySQL: [MySQL]: [Comment]: mysql_stmt_prepare error	[mysql_stmt_error]: Table 'arma3life.wanted' doesn't exist	[mysql_stmt_errno]: 1146	[mysql_stmt_sqlstate]: 42S02	[statemnt]: SELECT wantedID, wantedCrimes FROM wanted WHERE wantedID=?;
[16:58:30 --4:00] [Thread 199139560] extDB: DB_CUSTOM_V5: Error Exception: SQL: wantedGetCrimes:76561198040225987
[16:58:30 --4:00] [Thread 199139560] extDB: DB_CUSTOM_V5: Error StatementException: MySQL: [MySQL]: [Comment]: mysql_stmt_prepare error	[mysql_stmt_error]: Table 'arma3life.wanted' doesn't exist	[mysql_stmt_errno]: 1146	[mysql_stmt_sqlstate]: 42S02	[statemnt]: INSERT INTO wanted (wantedID, wantedName, wantedCrimes, wantedBounty, active) VALUES(?,?,?,?,?);
[16:58:30 --4:00] [Thread 199139560] extDB: DB_CUSTOM_V5: Error Exception: SQL: wantedInsertCrimes:76561198040225987:[df]Index:["187"]:20000:1
[16:58:41 --4:00] [Thread 199139560] extDB: DB_CUSTOM_V5: Error StatementException: MySQL: [MySQL]: [Comment]: mysql_stmt_prepare error	[mysql_stmt_error]: Table 'arma3life.wanted' doesn't exist	[mysql_stmt_errno]: 1146	[mysql_stmt_sqlstate]: 42S02	[statemnt]: UPDATE wanted SET active = 0, wantedCrimes = '[]', wantedBounty = 0 WHERE wantedID=?;
[16:58:41 --4:00] [Thread 199139560] extDB: DB_CUSTOM_V5: Error Exception: SQL: wantedRemoveCrimes:76561198083516259
[16:58:49 --4:00] [Thread 199139560] extDB: DB_CUSTOM_V5: Error StatementException: MySQL: [MySQL]: [Comment]: mysql_stmt_prepare error	[mysql_stmt_error]: Table 'arma3life.wanted' doesn't exist	[mysql_stmt_errno]: 1146	[mysql_stmt_sqlstate]: 42S02	[statemnt]: SELECT wantedID, wantedCrimes FROM wanted WHERE wantedID=?;
[16:58:49 --4:00] [Thread 199139560] extDB: DB_CUSTOM_V5: Error Exception: SQL: wantedGetCrimes:76561198040225987
[16:58:49 --4:00] [Thread 199139560] extDB: DB_CUSTOM_V5: Error StatementException: MySQL: [MySQL]: [Comment]: mysql_stmt_prepare error	[mysql_stmt_error]: Table 'arma3life.wanted' doesn't exist	[mysql_stmt_errno]: 1146	[mysql_stmt_sqlstate]: 42S02	[statemnt]: INSERT INTO wanted (wantedID, wantedName, wantedCrimes, wantedBounty, active) VALUES(?,?,?,?,?);
[16:58:49 --4:00] [Thread 199139560] extDB: DB_CUSTOM_V5: Error Exception: SQL: wantedInsertCrimes:76561198040225987:[df]Index:["187"]:20000:1
[16:58:57 --4:00] [Thread 3019817474] extDB: DB_CUSTOM_V5: Error StatementException: MySQL: [MySQL]: [Comment]: mysql_stmt_prepare error	[mysql_stmt_error]: Table 'arma3life.wanted' doesn't exist	[mysql_stmt_errno]: 1146	[mysql_stmt_sqlstate]: 42S02	[statemnt]: UPDATE wanted SET active = 0, wantedCrimes = '[]', wantedBounty = 0 WHERE wantedID=?;
[16:58:57 --4:00] [Thread 3019817474] extDB: DB_CUSTOM_V5: Error Exception: SQL: wantedRemoveCrimes:76561198113994834
[16:59:36 --4:00] [Thread 3019817474] extDB: DB_CUSTOM_V5: Error StatementException: MySQL: [MySQL]: [Comment]: mysql_stmt_prepare error	[mysql_stmt_error]: Table 'arma3life.wanted' doesn't exist	[mysql_stmt_errno]: 1146	[mysql_stmt_sqlstate]: 42S02	[statemnt]: SELECT wantedID, wantedCrimes FROM wanted WHERE wantedID=?;
[16:59:36 --4:00] [Thread 3019817474] extDB: DB_CUSTOM_V5: Error Exception: SQL: wantedGetCrimes:76561198040225987
[16:59:36 --4:00] [Thread 3019817474] extDB: DB_CUSTOM_V5: Error StatementException: MySQL: [MySQL]: [Comment]: mysql_stmt_prepare error	[mysql_stmt_error]: Table 'arma3life.wanted' doesn't exist	[mysql_stmt_errno]: 1146	[mysql_stmt_sqlstate]: 42S02	[statemnt]: INSERT INTO wanted (wantedID, wantedName, wantedCrimes, wantedBounty, active) VALUES(?,?,?,?,?);
[16:59:36 --4:00] [Thread 3019817474] extDB: DB_CUSTOM_V5: Error Exception: SQL: wantedInsertCrimes:76561198040225987:[df]Index:["187"]:20000:1
[16:59:48 --4:00] [Thread 199139560] extDB: DB_CUSTOM_V5: Error StatementException: MySQL: [MySQL]: [Comment]: mysql_stmt_prepare error	[mysql_stmt_error]: Table 'arma3life.wanted' doesn't exist	[mysql_stmt_errno]: 1146	[mysql_stmt_sqlstate]: 42S02	[statemnt]: SELECT wantedID, wantedCrimes FROM wanted WHERE wantedID=?;
[16:59:48 --4:00] [Thread 199139560] extDB: DB_CUSTOM_V5: Error Exception: SQL: wantedGetCrimes:76561198040225987
[16:59:48 --4:00] [Thread 199139560] extDB: DB_CUSTOM_V5: Error StatementException: MySQL: [MySQL]: [Comment]: mysql_stmt_prepare error	[mysql_stmt_error]: Table 'arma3life.wanted' doesn't exist	[mysql_stmt_errno]: 1146	[mysql_stmt_sqlstate]: 42S02	[statemnt]: INSERT INTO wanted (wantedID, wantedName, wantedCrimes, wantedBounty, active) VALUES(?,?,?,?,?);
[16:59:48 --4:00] [Thread 199139560] extDB: DB_CUSTOM_V5: Error Exception: SQL: wantedInsertCrimes:76561198040225987:[df]Index:["187"]:20000:1
[16:59:52 --4:00] [Thread 3019817474] extDB: DB_CUSTOM_V5: Error StatementException: MySQL: [MySQL]: [Comment]: mysql_stmt_prepare error	[mysql_stmt_error]: Table 'arma3life.wanted' doesn't exist	[mysql_stmt_errno]: 1146	[mysql_stmt_sqlstate]: 42S02	[statemnt]: UPDATE wanted SET active = 0, wantedCrimes = '[]', wantedBounty = 0 WHERE wantedID=?;
[16:59:52 --4:00] [Thread 3019817474] extDB: DB_CUSTOM_V5: Error Exception: SQL: wantedRemoveCrimes:76561198083516259
[16:59:54 --4:00] [Thread 3019817474] extDB: DB_CUSTOM_V5: Error StatementException: MySQL: [MySQL]: [Comment]: mysql_stmt_prepare error	[mysql_stmt_error]: Table 'arma3life.wanted' doesn't exist	[mysql_stmt_errno]: 1146	[mysql_stmt_sqlstate]: 42S02	[statemnt]: UPDATE wanted SET active = 0, wantedCrimes = '[]', wantedBounty = 0 WHERE wantedID=?;
[16:59:54 --4:00] [Thread 3019817474] extDB: DB_CUSTOM_V5: Error Exception: SQL: wantedRemoveCrimes:76561198113994834
[17:00:43 --4:00] [Thread 3019817474] extDB: DB_CUSTOM_V5: Error StatementException: MySQL: [MySQL]: [Comment]: mysql_stmt_prepare error	[mysql_stmt_error]: Table 'arma3life.wanted' doesn't exist	[mysql_stmt_errno]: 1146	[mysql_stmt_sqlstate]: 42S02	[statemnt]: SELECT wantedID, wantedCrimes FROM wanted WHERE wantedID=?;
[17:00:43 --4:00] [Thread 3019817474] extDB: DB_CUSTOM_V5: Error Exception: SQL: wantedGetCrimes:76561198040225987
[17:00:43 --4:00] [Thread 3019817474] extDB: DB_CUSTOM_V5: Error StatementException: MySQL: [MySQL]: [Comment]: mysql_stmt_prepare error	[mysql_stmt_error]: Table 'arma3life.wanted' doesn't exist	[mysql_stmt_errno]: 1146	[mysql_stmt_sqlstate]: 42S02	[statemnt]: INSERT INTO wanted (wantedID, wantedName, wantedCrimes, wantedBounty, active) VALUES(?,?,?,?,?);
[17:00:43 --4:00] [Thread 3019817474] extDB: DB_CUSTOM_V5: Error Exception: SQL: wantedInsertCrimes:76561198040225987:[df]Index:["187"]:20000:1
[17:00:49 --4:00] [Thread 199139560] extDB: DB_CUSTOM_V5: Error StatementException: MySQL: [MySQL]: [Comment]: mysql_stmt_prepare error	[mysql_stmt_error]: Table 'arma3life.wanted' doesn't exist	[mysql_stmt_errno]: 1146	[mysql_stmt_sqlstate]: 42S02	[statemnt]: UPDATE wanted SET active = 0, wantedCrimes = '[]', wantedBounty = 0 WHERE wantedID=?;
[17:00:49 --4:00] [Thread 199139560] extDB: DB_CUSTOM_V5: Error Exception: SQL: wantedRemoveCrimes:76561198113994834
[17:01:29 --4:00] [Thread 4049200532] extDB: Stopping ...
