[17:05:34 --4:00] [Thread 969272670] extDB: Version: 35
[17:05:34 --4:00] [Thread 969272670] extDB: Windows Version
[17:05:34 --4:00] [Thread 969272670] Message: Arma Linux Servers are using Older Physic Library (than Windows Servers), due to Debian 7 using old version of Glibc
[17:05:34 --4:00] [Thread 969272670] Message: If you like extDB consider donating or bug BIS to drop support for Debian 7 thanks, so Linux Servers get same Physic Library Version as Windows
[17:05:34 --4:00] [Thread 969272670] Message: Note currently most/all development for extDB is done on a Linux Server
[17:05:34 --4:00] [Thread 969272670] Message: Torndeco: 24/01/15
[17:05:34 --4:00] [Thread 969272670] 
[17:05:34 --4:00] [Thread 969272670] extDB: Found extdb-conf.ini
[17:05:34 --4:00] [Thread 969272670] extDB: Detected 4 Cores, Setting up 4 Worker Threads
[17:05:34 --4:00] [Thread 969272670] extDB: Database Type: MySQL
[17:05:34 --4:00] [Thread 969272670] extDB: Database Session Pool Started
[17:05:34 --4:00] [Thread 969272670] extDB: DB_CUSTOM_V5: Loading Template Filename: C:\Users\Dell i5\Desktop\Drunken Life Server\@extDB\extDB\db_custom\altis-life-rpg-4.ini
[17:05:34 --4:00] [Thread 3549374943] extDB: DB_CUSTOM_V5: Error StatementException: MySQL: [MySQL]: [Comment]: mysql_stmt_execute error	[mysql_stmt_error]: The user specified as a definer ('arma3'@'localhost') does not exist	[mysql_stmt_errno]: 1449	[mysql_stmt_sqlstate]: HY000	[statemnt]: CALL resetLifeVehicles;
[17:05:34 --4:00] [Thread 3549374943] extDB: DB_CUSTOM_V5: Error Exception: SQL: resetLifeVehicles
[17:07:23 --4:00] [Thread 3548181677] extDB: DB_CUSTOM_V5: Error StatementException: MySQL: [MySQL]: [Comment]: mysql_stmt_prepare error	[mysql_stmt_error]: Table 'arma3life.wanted' doesn't exist	[mysql_stmt_errno]: 1146	[mysql_stmt_sqlstate]: 42S02	[statemnt]: UPDATE wanted SET active = 0, wantedCrimes = '[]', wantedBounty = 0 WHERE wantedID=?;
[17:07:23 --4:00] [Thread 3548181677] extDB: DB_CUSTOM_V5: Error Exception: SQL: wantedRemoveCrimes:76561198040225987
[17:08:34 --4:00] [Thread 3548181677] extDB: DB_CUSTOM_V5: Error StatementException: MySQL: [MySQL]: [Comment]: mysql_stmt_prepare error	[mysql_stmt_error]: Table 'arma3life.wanted' doesn't exist	[mysql_stmt_errno]: 1146	[mysql_stmt_sqlstate]: 42S02	[statemnt]: SELECT wantedID, wantedCrimes FROM wanted WHERE wantedID=?;
[17:08:34 --4:00] [Thread 3548181677] extDB: DB_CUSTOM_V5: Error Exception: SQL: wantedGetCrimes:76561197979809411
[17:08:34 --4:00] [Thread 3548181677] extDB: DB_CUSTOM_V5: Error StatementException: MySQL: [MySQL]: [Comment]: mysql_stmt_prepare error	[mysql_stmt_error]: Table 'arma3life.wanted' doesn't exist	[mysql_stmt_errno]: 1146	[mysql_stmt_sqlstate]: 42S02	[statemnt]: INSERT INTO wanted (wantedID, wantedName, wantedCrimes, wantedBounty, active) VALUES(?,?,?,?,?);
[17:08:34 --4:00] [Thread 3548181677] extDB: DB_CUSTOM_V5: Error Exception: SQL: wantedInsertCrimes:76561197979809411:[df]Ohmslaw:["211"]:1000:1
[17:09:37 --4:00] [Thread 3549374943] extDB: DB_CUSTOM_V5: Error StatementException: MySQL: [MySQL]: [Comment]: mysql_stmt_prepare error	[mysql_stmt_error]: Table 'arma3life.wanted' doesn't exist	[mysql_stmt_errno]: 1146	[mysql_stmt_sqlstate]: 42S02	[statemnt]: UPDATE wanted SET active = 0, wantedCrimes = '[]', wantedBounty = 0 WHERE wantedID=?;
[17:09:37 --4:00] [Thread 3549374943] extDB: DB_CUSTOM_V5: Error Exception: SQL: wantedRemoveCrimes:76561198083516259
[17:09:44 --4:00] [Thread 3549374943] extDB: DB_CUSTOM_V5: Error StatementException: MySQL: [MySQL]: [Comment]: mysql_stmt_prepare error	[mysql_stmt_error]: Table 'arma3life.wanted' doesn't exist	[mysql_stmt_errno]: 1146	[mysql_stmt_sqlstate]: 42S02	[statemnt]: UPDATE wanted SET active = 0, wantedCrimes = '[]', wantedBounty = 0 WHERE wantedID=?;
[17:09:44 --4:00] [Thread 3549374943] extDB: DB_CUSTOM_V5: Error Exception: SQL: wantedRemoveCrimes:76561198083516259
[17:11:05 --4:00] [Thread 3593081786] extDB: DB_CUSTOM_V5: Error StatementException: MySQL: [MySQL]: [Comment]: mysql_stmt_prepare error	[mysql_stmt_error]: Table 'arma3life.wanted' doesn't exist	[mysql_stmt_errno]: 1146	[mysql_stmt_sqlstate]: 42S02	[statemnt]: UPDATE wanted SET active = 0, wantedCrimes = '[]', wantedBounty = 0 WHERE wantedID=?;
[17:11:05 --4:00] [Thread 3593081786] extDB: DB_CUSTOM_V5: Error Exception: SQL: wantedRemoveCrimes:76561198040225987
[17:11:13 --4:00] [Thread 3593081786] extDB: DB_CUSTOM_V5: Error StatementException: MySQL: [MySQL]: [Comment]: mysql_stmt_prepare error	[mysql_stmt_error]: Table 'arma3life.wanted' doesn't exist	[mysql_stmt_errno]: 1146	[mysql_stmt_sqlstate]: 42S02	[statemnt]: UPDATE wanted SET active = 0, wantedCrimes = '[]', wantedBounty = 0 WHERE wantedID=?;
[17:11:13 --4:00] [Thread 3593081786] extDB: DB_CUSTOM_V5: Error Exception: SQL: wantedRemoveCrimes:76561198040225987
[17:11:21 --4:00] [Thread 969272670] extDB: Stopping ...
